The system is: Linux - 3.19.0-47-generic - x86_64
Compiling the C compiler identification source file "CMakeCCompilerId.c" succeeded.
Compiler: /usr/bin/cc 
Build flags: 
Id flags: 

The output was:
0


Compilation of the C compiler identification source "CMakeCCompilerId.c" produced "a.out"

The C compiler identification is GNU, found in "/media/harry/Windows/scratch/sdk/ubuntu/nao/gs/robot-swing/sdk/sensormodule/build-naoqi/CMakeFiles/3.0.2/CompilerIdC/a.out"

Compiling the CXX compiler identification source file "CMakeCXXCompilerId.cpp" succeeded.
Compiler: /usr/bin/c++ 
Build flags: 
Id flags: 

The output was:
0


Compilation of the CXX compiler identification source "CMakeCXXCompilerId.cpp" produced "a.out"

The CXX compiler identification is GNU, found in "/media/harry/Windows/scratch/sdk/ubuntu/nao/gs/robot-swing/sdk/sensormodule/build-naoqi/CMakeFiles/3.0.2/CompilerIdCXX/a.out"

Determining if the C compiler works passed with the following output:
Change Dir: /media/harry/Windows/scratch/sdk/ubuntu/nao/gs/robot-swing/sdk/sensormodule/build-naoqi/CMakeFiles/CMakeTmp

Run Build Command:"/usr/bin/make" "cmTryCompileExec3005867525/fast"
/usr/bin/make -f CMakeFiles/cmTryCompileExec3005867525.dir/build.make CMakeFiles/cmTryCompileExec3005867525.dir/build
make[1]: Entering directory '/media/harry/Windows/scratch/sdk/ubuntu/nao/gs/robot-swing/sdk/sensormodule/build-naoqi/CMakeFiles/CMakeTmp'
/usr/bin/cmake -E cmake_progress_report /media/harry/Windows/scratch/sdk/ubuntu/nao/gs/robot-swing/sdk/sensormodule/build-naoqi/CMakeFiles/CMakeTmp/CMakeFiles 1
Building C object CMakeFiles/cmTryCompileExec3005867525.dir/testCCompiler.c.o
/usr/bin/cc    -o CMakeFiles/cmTryCompileExec3005867525.dir/testCCompiler.c.o   -c /media/harry/Windows/scratch/sdk/ubuntu/nao/gs/robot-swing/sdk/sensormodule/build-naoqi/CMakeFiles/CMakeTmp/testCCompiler.c
Linking C executable cmTryCompileExec3005867525
/usr/bin/cmake -E cmake_link_script CMakeFiles/cmTryCompileExec3005867525.dir/link.txt --verbose=1
/usr/bin/cc       CMakeFiles/cmTryCompileExec3005867525.dir/testCCompiler.c.o  -o cmTryCompileExec3005867525 -rdynamic 
make[1]: Leaving directory '/media/harry/Windows/scratch/sdk/ubuntu/nao/gs/robot-swing/sdk/sensormodule/build-naoqi/CMakeFiles/CMakeTmp'


Detecting C compiler ABI info compiled with the following output:
Change Dir: /media/harry/Windows/scratch/sdk/ubuntu/nao/gs/robot-swing/sdk/sensormodule/build-naoqi/CMakeFiles/CMakeTmp

Run Build Command:"/usr/bin/make" "cmTryCompileExec3445155820/fast"
/usr/bin/make -f CMakeFiles/cmTryCompileExec3445155820.dir/build.make CMakeFiles/cmTryCompileExec3445155820.dir/build
make[1]: Entering directory '/media/harry/Windows/scratch/sdk/ubuntu/nao/gs/robot-swing/sdk/sensormodule/build-naoqi/CMakeFiles/CMakeTmp'
/usr/bin/cmake -E cmake_progress_report /media/harry/Windows/scratch/sdk/ubuntu/nao/gs/robot-swing/sdk/sensormodule/build-naoqi/CMakeFiles/CMakeTmp/CMakeFiles 1
Building C object CMakeFiles/cmTryCompileExec3445155820.dir/CMakeCCompilerABI.c.o
/usr/bin/cc    -o CMakeFiles/cmTryCompileExec3445155820.dir/CMakeCCompilerABI.c.o   -c /usr/share/cmake-3.0/Modules/CMakeCCompilerABI.c
Linking C executable cmTryCompileExec3445155820
/usr/bin/cmake -E cmake_link_script CMakeFiles/cmTryCompileExec3445155820.dir/link.txt --verbose=1
/usr/bin/cc     -v CMakeFiles/cmTryCompileExec3445155820.dir/CMakeCCompilerABI.c.o  -o cmTryCompileExec3445155820 -rdynamic  
Using built-in specs.
COLLECT_GCC=/usr/bin/cc
COLLECT_LTO_WRAPPER=/usr/lib/gcc/x86_64-linux-gnu/4.9/lto-wrapper
Target: x86_64-linux-gnu
Configured with: ../src/configure -v --with-pkgversion='Ubuntu 4.9.2-10ubuntu13' --with-bugurl=file:///usr/share/doc/gcc-4.9/README.Bugs --enable-languages=c,c++,java,go,d,fortran,objc,obj-c++ --prefix=/usr --program-suffix=-4.9 --enable-shared --enable-linker-build-id --libexecdir=/usr/lib --without-included-gettext --enable-threads=posix --with-gxx-include-dir=/usr/include/c++/4.9 --libdir=/usr/lib --enable-nls --with-sysroot=/ --enable-clocale=gnu --enable-libstdcxx-debug --enable-libstdcxx-time=yes --enable-gnu-unique-object --disable-vtable-verify --enable-plugin --with-system-zlib --disable-browser-plugin --enable-java-awt=gtk --enable-gtk-cairo --with-java-home=/usr/lib/jvm/java-1.5.0-gcj-4.9-amd64/jre --enable-java-home --with-jvm-root-dir=/usr/lib/jvm/java-1.5.0-gcj-4.9-amd64 --with-jvm-jar-dir=/usr/lib/jvm-exports/java-1.5.0-gcj-4.9-amd64 --with-arch-directory=amd64 --with-ecj-jar=/usr/share/java/eclipse-ecj.jar --enable-objc-gc --enable-multiarch --disable-werror --with-arch-32=i686 --with-abi=m64 --with-multilib-list=m32,m64,mx32 --enable-multilib --with-tune=generic --enable-checking=release --build=x86_64-linux-gnu --host=x86_64-linux-gnu --target=x86_64-linux-gnu
Thread model: posix
gcc version 4.9.2 (Ubuntu 4.9.2-10ubuntu13) 
COMPILER_PATH=/usr/lib/gcc/x86_64-linux-gnu/4.9/:/usr/lib/gcc/x86_64-linux-gnu/4.9/:/usr/lib/gcc/x86_64-linux-gnu/:/usr/lib/gcc/x86_64-linux-gnu/4.9/:/usr/lib/gcc/x86_64-linux-gnu/
LIBRARY_PATH=/usr/lib/gcc/x86_64-linux-gnu/4.9/:/usr/lib/gcc/x86_64-linux-gnu/4.9/../../../x86_64-linux-gnu/:/usr/lib/gcc/x86_64-linux-gnu/4.9/../../../../lib/:/lib/x86_64-linux-gnu/:/lib/../lib/:/usr/lib/x86_64-linux-gnu/:/usr/lib/../lib/:/usr/lib/gcc/x86_64-linux-gnu/4.9/../../../:/lib/:/usr/lib/
COLLECT_GCC_OPTIONS='-v' '-o' 'cmTryCompileExec3445155820' '-rdynamic' '-mtune=generic' '-march=x86-64'
 /usr/lib/gcc/x86_64-linux-gnu/4.9/collect2 -plugin /usr/lib/gcc/x86_64-linux-gnu/4.9/liblto_plugin.so -plugin-opt=/usr/lib/gcc/x86_64-linux-gnu/4.9/lto-wrapper -plugin-opt=-fresolution=/tmp/ccwAhUhJ.res -plugin-opt=-pass-through=-lgcc -plugin-opt=-pass-through=-lgcc_s -plugin-opt=-pass-through=-lc -plugin-opt=-pass-through=-lgcc -plugin-opt=-pass-through=-lgcc_s --sysroot=/ --build-id --eh-frame-hdr -m elf_x86_64 --hash-style=gnu --as-needed -export-dynamic -dynamic-linker /lib64/ld-linux-x86-64.so.2 -z relro -o cmTryCompileExec3445155820 /usr/lib/gcc/x86_64-linux-gnu/4.9/../../../x86_64-linux-gnu/crt1.o /usr/lib/gcc/x86_64-linux-gnu/4.9/../../../x86_64-linux-gnu/crti.o /usr/lib/gcc/x86_64-linux-gnu/4.9/crtbegin.o -L/usr/lib/gcc/x86_64-linux-gnu/4.9 -L/usr/lib/gcc/x86_64-linux-gnu/4.9/../../../x86_64-linux-gnu -L/usr/lib/gcc/x86_64-linux-gnu/4.9/../../../../lib -L/lib/x86_64-linux-gnu -L/lib/../lib -L/usr/lib/x86_64-linux-gnu -L/usr/lib/../lib -L/usr/lib/gcc/x86_64-linux-gnu/4.9/../../.. CMakeFiles/cmTryCompileExec3445155820.dir/CMakeCCompilerABI.c.o -lgcc --as-needed -lgcc_s --no-as-needed -lc -lgcc --as-needed -lgcc_s --no-as-needed /usr/lib/gcc/x86_64-linux-gnu/4.9/crtend.o /usr/lib/gcc/x86_64-linux-gnu/4.9/../../../x86_64-linux-gnu/crtn.o
make[1]: Leaving directory '/media/harry/Windows/scratch/sdk/ubuntu/nao/gs/robot-swing/sdk/sensormodule/build-naoqi/CMakeFiles/CMakeTmp'


Parsed C implicit link information from above output:
  link line regex: [^( *|.*[/\])(ld|([^/\]+-)?ld|collect2)[^/\]*( |$)]
  ignore line: [Change Dir: /media/harry/Windows/scratch/sdk/ubuntu/nao/gs/robot-swing/sdk/sensormodule/build-naoqi/CMakeFiles/CMakeTmp]
  ignore line: []
  ignore line: [Run Build Command:"/usr/bin/make" "cmTryCompileExec3445155820/fast"]
  ignore line: [/usr/bin/make -f CMakeFiles/cmTryCompileExec3445155820.dir/build.make CMakeFiles/cmTryCompileExec3445155820.dir/build]
  ignore line: [make[1]: Entering directory '/media/harry/Windows/scratch/sdk/ubuntu/nao/gs/robot-swing/sdk/sensormodule/build-naoqi/CMakeFiles/CMakeTmp']
  ignore line: [/usr/bin/cmake -E cmake_progress_report /media/harry/Windows/scratch/sdk/ubuntu/nao/gs/robot-swing/sdk/sensormodule/build-naoqi/CMakeFiles/CMakeTmp/CMakeFiles 1]
  ignore line: [Building C object CMakeFiles/cmTryCompileExec3445155820.dir/CMakeCCompilerABI.c.o]
  ignore line: [/usr/bin/cc    -o CMakeFiles/cmTryCompileExec3445155820.dir/CMakeCCompilerABI.c.o   -c /usr/share/cmake-3.0/Modules/CMakeCCompilerABI.c]
  ignore line: [Linking C executable cmTryCompileExec3445155820]
  ignore line: [/usr/bin/cmake -E cmake_link_script CMakeFiles/cmTryCompileExec3445155820.dir/link.txt --verbose=1]
  ignore line: [/usr/bin/cc     -v CMakeFiles/cmTryCompileExec3445155820.dir/CMakeCCompilerABI.c.o  -o cmTryCompileExec3445155820 -rdynamic  ]
  ignore line: [Using built-in specs.]
  ignore line: [COLLECT_GCC=/usr/bin/cc]
  ignore line: [COLLECT_LTO_WRAPPER=/usr/lib/gcc/x86_64-linux-gnu/4.9/lto-wrapper]
  ignore line: [Target: x86_64-linux-gnu]
  ignore line: [Configured with: ../src/configure -v --with-pkgversion='Ubuntu 4.9.2-10ubuntu13' --with-bugurl=file:///usr/share/doc/gcc-4.9/README.Bugs --enable-languages=c,c++,java,go,d,fortran,objc,obj-c++ --prefix=/usr --program-suffix=-4.9 --enable-shared --enable-linker-build-id --libexecdir=/usr/lib --without-included-gettext --enable-threads=posix --with-gxx-include-dir=/usr/include/c++/4.9 --libdir=/usr/lib --enable-nls --with-sysroot=/ --enable-clocale=gnu --enable-libstdcxx-debug --enable-libstdcxx-time=yes --enable-gnu-unique-object --disable-vtable-verify --enable-plugin --with-system-zlib --disable-browser-plugin --enable-java-awt=gtk --enable-gtk-cairo --with-java-home=/usr/lib/jvm/java-1.5.0-gcj-4.9-amd64/jre --enable-java-home --with-jvm-root-dir=/usr/lib/jvm/java-1.5.0-gcj-4.9-amd64 --with-jvm-jar-dir=/usr/lib/jvm-exports/java-1.5.0-gcj-4.9-amd64 --with-arch-directory=amd64 --with-ecj-jar=/usr/share/java/eclipse-ecj.jar --enable-objc-gc --enable-multiarch --disable-werror --with-arch-32=i686 --with-abi=m64 --with-multilib-list=m32,m64,mx32 --enable-multilib --with-tune=generic --enable-checking=release --build=x86_64-linux-gnu --host=x86_64-linux-gnu --target=x86_64-linux-gnu]
  ignore line: [Thread model: posix]
  ignore line: [gcc version 4.9.2 (Ubuntu 4.9.2-10ubuntu13) ]
  ignore line: [COMPILER_PATH=/usr/lib/gcc/x86_64-linux-gnu/4.9/:/usr/lib/gcc/x86_64-linux-gnu/4.9/:/usr/lib/gcc/x86_64-linux-gnu/:/usr/lib/gcc/x86_64-linux-gnu/4.9/:/usr/lib/gcc/x86_64-linux-gnu/]
  ignore line: [LIBRARY_PATH=/usr/lib/gcc/x86_64-linux-gnu/4.9/:/usr/lib/gcc/x86_64-linux-gnu/4.9/../../../x86_64-linux-gnu/:/usr/lib/gcc/x86_64-linux-gnu/4.9/../../../../lib/:/lib/x86_64-linux-gnu/:/lib/../lib/:/usr/lib/x86_64-linux-gnu/:/usr/lib/../lib/:/usr/lib/gcc/x86_64-linux-gnu/4.9/../../../:/lib/:/usr/lib/]
  ignore line: [COLLECT_GCC_OPTIONS='-v' '-o' 'cmTryCompileExec3445155820' '-rdynamic' '-mtune=generic' '-march=x86-64']
  link line: [ /usr/lib/gcc/x86_64-linux-gnu/4.9/collect2 -plugin /usr/lib/gcc/x86_64-linux-gnu/4.9/liblto_plugin.so -plugin-opt=/usr/lib/gcc/x86_64-linux-gnu/4.9/lto-wrapper -plugin-opt=-fresolution=/tmp/ccwAhUhJ.res -plugin-opt=-pass-through=-lgcc -plugin-opt=-pass-through=-lgcc_s -plugin-opt=-pass-through=-lc -plugin-opt=-pass-through=-lgcc -plugin-opt=-pass-through=-lgcc_s --sysroot=/ --build-id --eh-frame-hdr -m elf_x86_64 --hash-style=gnu --as-needed -export-dynamic -dynamic-linker /lib64/ld-linux-x86-64.so.2 -z relro -o cmTryCompileExec3445155820 /usr/lib/gcc/x86_64-linux-gnu/4.9/../../../x86_64-linux-gnu/crt1.o /usr/lib/gcc/x86_64-linux-gnu/4.9/../../../x86_64-linux-gnu/crti.o /usr/lib/gcc/x86_64-linux-gnu/4.9/crtbegin.o -L/usr/lib/gcc/x86_64-linux-gnu/4.9 -L/usr/lib/gcc/x86_64-linux-gnu/4.9/../../../x86_64-linux-gnu -L/usr/lib/gcc/x86_64-linux-gnu/4.9/../../../../lib -L/lib/x86_64-linux-gnu -L/lib/../lib -L/usr/lib/x86_64-linux-gnu -L/usr/lib/../lib -L/usr/lib/gcc/x86_64-linux-gnu/4.9/../../.. CMakeFiles/cmTryCompileExec3445155820.dir/CMakeCCompilerABI.c.o -lgcc --as-needed -lgcc_s --no-as-needed -lc -lgcc --as-needed -lgcc_s --no-as-needed /usr/lib/gcc/x86_64-linux-gnu/4.9/crtend.o /usr/lib/gcc/x86_64-linux-gnu/4.9/../../../x86_64-linux-gnu/crtn.o]
    arg [/usr/lib/gcc/x86_64-linux-gnu/4.9/collect2] ==> ignore
    arg [-plugin] ==> ignore
    arg [/usr/lib/gcc/x86_64-linux-gnu/4.9/liblto_plugin.so] ==> ignore
    arg [-plugin-opt=/usr/lib/gcc/x86_64-linux-gnu/4.9/lto-wrapper] ==> ignore
    arg [-plugin-opt=-fresolution=/tmp/ccwAhUhJ.res] ==> ignore
    arg [-plugin-opt=-pass-through=-lgcc] ==> ignore
    arg [-plugin-opt=-pass-through=-lgcc_s] ==> ignore
    arg [-plugin-opt=-pass-through=-lc] ==> ignore
    arg [-plugin-opt=-pass-through=-lgcc] ==> ignore
    arg [-plugin-opt=-pass-through=-lgcc_s] ==> ignore
    arg [--sysroot=/] ==> ignore
    arg [--build-id] ==> ignore
    arg [--eh-frame-hdr] ==> ignore
    arg [-m] ==> ignore
    arg [elf_x86_64] ==> ignore
    arg [--hash-style=gnu] ==> ignore
    arg [--as-needed] ==> ignore
    arg [-export-dynamic] ==> ignore
    arg [-dynamic-linker] ==> ignore
    arg [/lib64/ld-linux-x86-64.so.2] ==> ignore
    arg [-zrelro] ==> ignore
    arg [-o] ==> ignore
    arg [cmTryCompileExec3445155820] ==> ignore
    arg [/usr/lib/gcc/x86_64-linux-gnu/4.9/../../../x86_64-linux-gnu/crt1.o] ==> ignore
    arg [/usr/lib/gcc/x86_64-linux-gnu/4.9/../../../x86_64-linux-gnu/crti.o] ==> ignore
    arg [/usr/lib/gcc/x86_64-linux-gnu/4.9/crtbegin.o] ==> ignore
    arg [-L/usr/lib/gcc/x86_64-linux-gnu/4.9] ==> dir [/usr/lib/gcc/x86_64-linux-gnu/4.9]
    arg [-L/usr/lib/gcc/x86_64-linux-gnu/4.9/../../../x86_64-linux-gnu] ==> dir [/usr/lib/gcc/x86_64-linux-gnu/4.9/../../../x86_64-linux-gnu]
    arg [-L/usr/lib/gcc/x86_64-linux-gnu/4.9/../../../../lib] ==> dir [/usr/lib/gcc/x86_64-linux-gnu/4.9/../../../../lib]
    arg [-L/lib/x86_64-linux-gnu] ==> dir [/lib/x86_64-linux-gnu]
    arg [-L/lib/../lib] ==> dir [/lib/../lib]
    arg [-L/usr/lib/x86_64-linux-gnu] ==> dir [/usr/lib/x86_64-linux-gnu]
    arg [-L/usr/lib/../lib] ==> dir [/usr/lib/../lib]
    arg [-L/usr/lib/gcc/x86_64-linux-gnu/4.9/../../..] ==> dir [/usr/lib/gcc/x86_64-linux-gnu/4.9/../../..]
    arg [CMakeFiles/cmTryCompileExec3445155820.dir/CMakeCCompilerABI.c.o] ==> ignore
    arg [-lgcc] ==> lib [gcc]
    arg [--as-needed] ==> ignore
    arg [-lgcc_s] ==> lib [gcc_s]
    arg [--no-as-needed] ==> ignore
    arg [-lc] ==> lib [c]
    arg [-lgcc] ==> lib [gcc]
    arg [--as-needed] ==> ignore
    arg [-lgcc_s] ==> lib [gcc_s]
    arg [--no-as-needed] ==> ignore
    arg [/usr/lib/gcc/x86_64-linux-gnu/4.9/crtend.o] ==> ignore
    arg [/usr/lib/gcc/x86_64-linux-gnu/4.9/../../../x86_64-linux-gnu/crtn.o] ==> ignore
  remove lib [gcc]
  remove lib [gcc_s]
  remove lib [gcc]
  remove lib [gcc_s]
  collapse library dir [/usr/lib/gcc/x86_64-linux-gnu/4.9] ==> [/usr/lib/gcc/x86_64-linux-gnu/4.9]
  collapse library dir [/usr/lib/gcc/x86_64-linux-gnu/4.9/../../../x86_64-linux-gnu] ==> [/usr/lib/x86_64-linux-gnu]
  collapse library dir [/usr/lib/gcc/x86_64-linux-gnu/4.9/../../../../lib] ==> [/usr/lib]
  collapse library dir [/lib/x86_64-linux-gnu] ==> [/lib/x86_64-linux-gnu]
  collapse library dir [/lib/../lib] ==> [/lib]
  collapse library dir [/usr/lib/x86_64-linux-gnu] ==> [/usr/lib/x86_64-linux-gnu]
  collapse library dir [/usr/lib/../lib] ==> [/usr/lib]
  collapse library dir [/usr/lib/gcc/x86_64-linux-gnu/4.9/../../..] ==> [/usr/lib]
  implicit libs: [c]
  implicit dirs: [/usr/lib/gcc/x86_64-linux-gnu/4.9;/usr/lib/x86_64-linux-gnu;/usr/lib;/lib/x86_64-linux-gnu;/lib]
  implicit fwks: []


Determining if the CXX compiler works passed with the following output:
Change Dir: /media/harry/Windows/scratch/sdk/ubuntu/nao/gs/robot-swing/sdk/sensormodule/build-naoqi/CMakeFiles/CMakeTmp

Run Build Command:"/usr/bin/make" "cmTryCompileExec3756281577/fast"
/usr/bin/make -f CMakeFiles/cmTryCompileExec3756281577.dir/build.make CMakeFiles/cmTryCompileExec3756281577.dir/build
make[1]: Entering directory '/media/harry/Windows/scratch/sdk/ubuntu/nao/gs/robot-swing/sdk/sensormodule/build-naoqi/CMakeFiles/CMakeTmp'
/usr/bin/cmake -E cmake_progress_report /media/harry/Windows/scratch/sdk/ubuntu/nao/gs/robot-swing/sdk/sensormodule/build-naoqi/CMakeFiles/CMakeTmp/CMakeFiles 1
Building CXX object CMakeFiles/cmTryCompileExec3756281577.dir/testCXXCompiler.cxx.o
/usr/bin/c++     -o CMakeFiles/cmTryCompileExec3756281577.dir/testCXXCompiler.cxx.o -c /media/harry/Windows/scratch/sdk/ubuntu/nao/gs/robot-swing/sdk/sensormodule/build-naoqi/CMakeFiles/CMakeTmp/testCXXCompiler.cxx
Linking CXX executable cmTryCompileExec3756281577
/usr/bin/cmake -E cmake_link_script CMakeFiles/cmTryCompileExec3756281577.dir/link.txt --verbose=1
/usr/bin/c++        CMakeFiles/cmTryCompileExec3756281577.dir/testCXXCompiler.cxx.o  -o cmTryCompileExec3756281577 -rdynamic 
make[1]: Leaving directory '/media/harry/Windows/scratch/sdk/ubuntu/nao/gs/robot-swing/sdk/sensormodule/build-naoqi/CMakeFiles/CMakeTmp'


Detecting CXX compiler ABI info compiled with the following output:
Change Dir: /media/harry/Windows/scratch/sdk/ubuntu/nao/gs/robot-swing/sdk/sensormodule/build-naoqi/CMakeFiles/CMakeTmp

Run Build Command:"/usr/bin/make" "cmTryCompileExec2570488343/fast"
/usr/bin/make -f CMakeFiles/cmTryCompileExec2570488343.dir/build.make CMakeFiles/cmTryCompileExec2570488343.dir/build
make[1]: Entering directory '/media/harry/Windows/scratch/sdk/ubuntu/nao/gs/robot-swing/sdk/sensormodule/build-naoqi/CMakeFiles/CMakeTmp'
/usr/bin/cmake -E cmake_progress_report /media/harry/Windows/scratch/sdk/ubuntu/nao/gs/robot-swing/sdk/sensormodule/build-naoqi/CMakeFiles/CMakeTmp/CMakeFiles 1
Building CXX object CMakeFiles/cmTryCompileExec2570488343.dir/CMakeCXXCompilerABI.cpp.o
/usr/bin/c++     -o CMakeFiles/cmTryCompileExec2570488343.dir/CMakeCXXCompilerABI.cpp.o -c /usr/share/cmake-3.0/Modules/CMakeCXXCompilerABI.cpp
Linking CXX executable cmTryCompileExec2570488343
/usr/bin/cmake -E cmake_link_script CMakeFiles/cmTryCompileExec2570488343.dir/link.txt --verbose=1
/usr/bin/c++      -v CMakeFiles/cmTryCompileExec2570488343.dir/CMakeCXXCompilerABI.cpp.o  -o cmTryCompileExec2570488343 -rdynamic  
Using built-in specs.
COLLECT_GCC=/usr/bin/c++
COLLECT_LTO_WRAPPER=/usr/lib/gcc/x86_64-linux-gnu/4.9/lto-wrapper
Target: x86_64-linux-gnu
Configured with: ../src/configure -v --with-pkgversion='Ubuntu 4.9.2-10ubuntu13' --with-bugurl=file:///usr/share/doc/gcc-4.9/README.Bugs --enable-languages=c,c++,java,go,d,fortran,objc,obj-c++ --prefix=/usr --program-suffix=-4.9 --enable-shared --enable-linker-build-id --libexecdir=/usr/lib --without-included-gettext --enable-threads=posix --with-gxx-include-dir=/usr/include/c++/4.9 --libdir=/usr/lib --enable-nls --with-sysroot=/ --enable-clocale=gnu --enable-libstdcxx-debug --enable-libstdcxx-time=yes --enable-gnu-unique-object --disable-vtable-verify --enable-plugin --with-system-zlib --disable-browser-plugin --enable-java-awt=gtk --enable-gtk-cairo --with-java-home=/usr/lib/jvm/java-1.5.0-gcj-4.9-amd64/jre --enable-java-home --with-jvm-root-dir=/usr/lib/jvm/java-1.5.0-gcj-4.9-amd64 --with-jvm-jar-dir=/usr/lib/jvm-exports/java-1.5.0-gcj-4.9-amd64 --with-arch-directory=amd64 --with-ecj-jar=/usr/share/java/eclipse-ecj.jar --enable-objc-gc --enable-multiarch --disable-werror --with-arch-32=i686 --with-abi=m64 --with-multilib-list=m32,m64,mx32 --enable-multilib --with-tune=generic --enable-checking=release --build=x86_64-linux-gnu --host=x86_64-linux-gnu --target=x86_64-linux-gnu
Thread model: posix
gcc version 4.9.2 (Ubuntu 4.9.2-10ubuntu13) 
COMPILER_PATH=/usr/lib/gcc/x86_64-linux-gnu/4.9/:/usr/lib/gcc/x86_64-linux-gnu/4.9/:/usr/lib/gcc/x86_64-linux-gnu/:/usr/lib/gcc/x86_64-linux-gnu/4.9/:/usr/lib/gcc/x86_64-linux-gnu/
LIBRARY_PATH=/usr/lib/gcc/x86_64-linux-gnu/4.9/:/usr/lib/gcc/x86_64-linux-gnu/4.9/../../../x86_64-linux-gnu/:/usr/lib/gcc/x86_64-linux-gnu/4.9/../../../../lib/:/lib/x86_64-linux-gnu/:/lib/../lib/:/usr/lib/x86_64-linux-gnu/:/usr/lib/../lib/:/usr/lib/gcc/x86_64-linux-gnu/4.9/../../../:/lib/:/usr/lib/
COLLECT_GCC_OPTIONS='-v' '-o' 'cmTryCompileExec2570488343' '-rdynamic' '-shared-libgcc' '-mtune=generic' '-march=x86-64'
 /usr/lib/gcc/x86_64-linux-gnu/4.9/collect2 -plugin /usr/lib/gcc/x86_64-linux-gnu/4.9/liblto_plugin.so -plugin-opt=/usr/lib/gcc/x86_64-linux-gnu/4.9/lto-wrapper -plugin-opt=-fresolution=/tmp/ccuJO7WY.res -plugin-opt=-pass-through=-lgcc_s -plugin-opt=-pass-through=-lgcc -plugin-opt=-pass-through=-lc -plugin-opt=-pass-through=-lgcc_s -plugin-opt=-pass-through=-lgcc --sysroot=/ --build-id --eh-frame-hdr -m elf_x86_64 --hash-style=gnu --as-needed -export-dynamic -dynamic-linker /lib64/ld-linux-x86-64.so.2 -z relro -o cmTryCompileExec2570488343 /usr/lib/gcc/x86_64-linux-gnu/4.9/../../../x86_64-linux-gnu/crt1.o /usr/lib/gcc/x86_64-linux-gnu/4.9/../../../x86_64-linux-gnu/crti.o /usr/lib/gcc/x86_64-linux-gnu/4.9/crtbegin.o -L/usr/lib/gcc/x86_64-linux-gnu/4.9 -L/usr/lib/gcc/x86_64-linux-gnu/4.9/../../../x86_64-linux-gnu -L/usr/lib/gcc/x86_64-linux-gnu/4.9/../../../../lib -L/lib/x86_64-linux-gnu -L/lib/../lib -L/usr/lib/x86_64-linux-gnu -L/usr/lib/../lib -L/usr/lib/gcc/x86_64-linux-gnu/4.9/../../.. CMakeFiles/cmTryCompileExec2570488343.dir/CMakeCXXCompilerABI.cpp.o -lstdc++ -lm -lgcc_s -lgcc -lc -lgcc_s -lgcc /usr/lib/gcc/x86_64-linux-gnu/4.9/crtend.o /usr/lib/gcc/x86_64-linux-gnu/4.9/../../../x86_64-linux-gnu/crtn.o
make[1]: Leaving directory '/media/harry/Windows/scratch/sdk/ubuntu/nao/gs/robot-swing/sdk/sensormodule/build-naoqi/CMakeFiles/CMakeTmp'


Parsed CXX implicit link information from above output:
  link line regex: [^( *|.*[/\])(ld|([^/\]+-)?ld|collect2)[^/\]*( |$)]
  ignore line: [Change Dir: /media/harry/Windows/scratch/sdk/ubuntu/nao/gs/robot-swing/sdk/sensormodule/build-naoqi/CMakeFiles/CMakeTmp]
  ignore line: []
  ignore line: [Run Build Command:"/usr/bin/make" "cmTryCompileExec2570488343/fast"]
  ignore line: [/usr/bin/make -f CMakeFiles/cmTryCompileExec2570488343.dir/build.make CMakeFiles/cmTryCompileExec2570488343.dir/build]
  ignore line: [make[1]: Entering directory '/media/harry/Windows/scratch/sdk/ubuntu/nao/gs/robot-swing/sdk/sensormodule/build-naoqi/CMakeFiles/CMakeTmp']
  ignore line: [/usr/bin/cmake -E cmake_progress_report /media/harry/Windows/scratch/sdk/ubuntu/nao/gs/robot-swing/sdk/sensormodule/build-naoqi/CMakeFiles/CMakeTmp/CMakeFiles 1]
  ignore line: [Building CXX object CMakeFiles/cmTryCompileExec2570488343.dir/CMakeCXXCompilerABI.cpp.o]
  ignore line: [/usr/bin/c++     -o CMakeFiles/cmTryCompileExec2570488343.dir/CMakeCXXCompilerABI.cpp.o -c /usr/share/cmake-3.0/Modules/CMakeCXXCompilerABI.cpp]
  ignore line: [Linking CXX executable cmTryCompileExec2570488343]
  ignore line: [/usr/bin/cmake -E cmake_link_script CMakeFiles/cmTryCompileExec2570488343.dir/link.txt --verbose=1]
  ignore line: [/usr/bin/c++      -v CMakeFiles/cmTryCompileExec2570488343.dir/CMakeCXXCompilerABI.cpp.o  -o cmTryCompileExec2570488343 -rdynamic  ]
  ignore line: [Using built-in specs.]
  ignore line: [COLLECT_GCC=/usr/bin/c++]
  ignore line: [COLLECT_LTO_WRAPPER=/usr/lib/gcc/x86_64-linux-gnu/4.9/lto-wrapper]
  ignore line: [Target: x86_64-linux-gnu]
  ignore line: [Configured with: ../src/configure -v --with-pkgversion='Ubuntu 4.9.2-10ubuntu13' --with-bugurl=file:///usr/share/doc/gcc-4.9/README.Bugs --enable-languages=c,c++,java,go,d,fortran,objc,obj-c++ --prefix=/usr --program-suffix=-4.9 --enable-shared --enable-linker-build-id --libexecdir=/usr/lib --without-included-gettext --enable-threads=posix --with-gxx-include-dir=/usr/include/c++/4.9 --libdir=/usr/lib --enable-nls --with-sysroot=/ --enable-clocale=gnu --enable-libstdcxx-debug --enable-libstdcxx-time=yes --enable-gnu-unique-object --disable-vtable-verify --enable-plugin --with-system-zlib --disable-browser-plugin --enable-java-awt=gtk --enable-gtk-cairo --with-java-home=/usr/lib/jvm/java-1.5.0-gcj-4.9-amd64/jre --enable-java-home --with-jvm-root-dir=/usr/lib/jvm/java-1.5.0-gcj-4.9-amd64 --with-jvm-jar-dir=/usr/lib/jvm-exports/java-1.5.0-gcj-4.9-amd64 --with-arch-directory=amd64 --with-ecj-jar=/usr/share/java/eclipse-ecj.jar --enable-objc-gc --enable-multiarch --disable-werror --with-arch-32=i686 --with-abi=m64 --with-multilib-list=m32,m64,mx32 --enable-multilib --with-tune=generic --enable-checking=release --build=x86_64-linux-gnu --host=x86_64-linux-gnu --target=x86_64-linux-gnu]
  ignore line: [Thread model: posix]
  ignore line: [gcc version 4.9.2 (Ubuntu 4.9.2-10ubuntu13) ]
  ignore line: [COMPILER_PATH=/usr/lib/gcc/x86_64-linux-gnu/4.9/:/usr/lib/gcc/x86_64-linux-gnu/4.9/:/usr/lib/gcc/x86_64-linux-gnu/:/usr/lib/gcc/x86_64-linux-gnu/4.9/:/usr/lib/gcc/x86_64-linux-gnu/]
  ignore line: [LIBRARY_PATH=/usr/lib/gcc/x86_64-linux-gnu/4.9/:/usr/lib/gcc/x86_64-linux-gnu/4.9/../../../x86_64-linux-gnu/:/usr/lib/gcc/x86_64-linux-gnu/4.9/../../../../lib/:/lib/x86_64-linux-gnu/:/lib/../lib/:/usr/lib/x86_64-linux-gnu/:/usr/lib/../lib/:/usr/lib/gcc/x86_64-linux-gnu/4.9/../../../:/lib/:/usr/lib/]
  ignore line: [COLLECT_GCC_OPTIONS='-v' '-o' 'cmTryCompileExec2570488343' '-rdynamic' '-shared-libgcc' '-mtune=generic' '-march=x86-64']
  link line: [ /usr/lib/gcc/x86_64-linux-gnu/4.9/collect2 -plugin /usr/lib/gcc/x86_64-linux-gnu/4.9/liblto_plugin.so -plugin-opt=/usr/lib/gcc/x86_64-linux-gnu/4.9/lto-wrapper -plugin-opt=-fresolution=/tmp/ccuJO7WY.res -plugin-opt=-pass-through=-lgcc_s -plugin-opt=-pass-through=-lgcc -plugin-opt=-pass-through=-lc -plugin-opt=-pass-through=-lgcc_s -plugin-opt=-pass-through=-lgcc --sysroot=/ --build-id --eh-frame-hdr -m elf_x86_64 --hash-style=gnu --as-needed -export-dynamic -dynamic-linker /lib64/ld-linux-x86-64.so.2 -z relro -o cmTryCompileExec2570488343 /usr/lib/gcc/x86_64-linux-gnu/4.9/../../../x86_64-linux-gnu/crt1.o /usr/lib/gcc/x86_64-linux-gnu/4.9/../../../x86_64-linux-gnu/crti.o /usr/lib/gcc/x86_64-linux-gnu/4.9/crtbegin.o -L/usr/lib/gcc/x86_64-linux-gnu/4.9 -L/usr/lib/gcc/x86_64-linux-gnu/4.9/../../../x86_64-linux-gnu -L/usr/lib/gcc/x86_64-linux-gnu/4.9/../../../../lib -L/lib/x86_64-linux-gnu -L/lib/../lib -L/usr/lib/x86_64-linux-gnu -L/usr/lib/../lib -L/usr/lib/gcc/x86_64-linux-gnu/4.9/../../.. CMakeFiles/cmTryCompileExec2570488343.dir/CMakeCXXCompilerABI.cpp.o -lstdc++ -lm -lgcc_s -lgcc -lc -lgcc_s -lgcc /usr/lib/gcc/x86_64-linux-gnu/4.9/crtend.o /usr/lib/gcc/x86_64-linux-gnu/4.9/../../../x86_64-linux-gnu/crtn.o]
    arg [/usr/lib/gcc/x86_64-linux-gnu/4.9/collect2] ==> ignore
    arg [-plugin] ==> ignore
    arg [/usr/lib/gcc/x86_64-linux-gnu/4.9/liblto_plugin.so] ==> ignore
    arg [-plugin-opt=/usr/lib/gcc/x86_64-linux-gnu/4.9/lto-wrapper] ==> ignore
    arg [-plugin-opt=-fresolution=/tmp/ccuJO7WY.res] ==> ignore
    arg [-plugin-opt=-pass-through=-lgcc_s] ==> ignore
    arg [-plugin-opt=-pass-through=-lgcc] ==> ignore
    arg [-plugin-opt=-pass-through=-lc] ==> ignore
    arg [-plugin-opt=-pass-through=-lgcc_s] ==> ignore
    arg [-plugin-opt=-pass-through=-lgcc] ==> ignore
    arg [--sysroot=/] ==> ignore
    arg [--build-id] ==> ignore
    arg [--eh-frame-hdr] ==> ignore
    arg [-m] ==> ignore
    arg [elf_x86_64] ==> ignore
    arg [--hash-style=gnu] ==> ignore
    arg [--as-needed] ==> ignore
    arg [-export-dynamic] ==> ignore
    arg [-dynamic-linker] ==> ignore
    arg [/lib64/ld-linux-x86-64.so.2] ==> ignore
    arg [-zrelro] ==> ignore
    arg [-o] ==> ignore
    arg [cmTryCompileExec2570488343] ==> ignore
    arg [/usr/lib/gcc/x86_64-linux-gnu/4.9/../../../x86_64-linux-gnu/crt1.o] ==> ignore
    arg [/usr/lib/gcc/x86_64-linux-gnu/4.9/../../../x86_64-linux-gnu/crti.o] ==> ignore
    arg [/usr/lib/gcc/x86_64-linux-gnu/4.9/crtbegin.o] ==> ignore
    arg [-L/usr/lib/gcc/x86_64-linux-gnu/4.9] ==> dir [/usr/lib/gcc/x86_64-linux-gnu/4.9]
    arg [-L/usr/lib/gcc/x86_64-linux-gnu/4.9/../../../x86_64-linux-gnu] ==> dir [/usr/lib/gcc/x86_64-linux-gnu/4.9/../../../x86_64-linux-gnu]
    arg [-L/usr/lib/gcc/x86_64-linux-gnu/4.9/../../../../lib] ==> dir [/usr/lib/gcc/x86_64-linux-gnu/4.9/../../../../lib]
    arg [-L/lib/x86_64-linux-gnu] ==> dir [/lib/x86_64-linux-gnu]
    arg [-L/lib/../lib] ==> dir [/lib/../lib]
    arg [-L/usr/lib/x86_64-linux-gnu] ==> dir [/usr/lib/x86_64-linux-gnu]
    arg [-L/usr/lib/../lib] ==> dir [/usr/lib/../lib]
    arg [-L/usr/lib/gcc/x86_64-linux-gnu/4.9/../../..] ==> dir [/usr/lib/gcc/x86_64-linux-gnu/4.9/../../..]
    arg [CMakeFiles/cmTryCompileExec2570488343.dir/CMakeCXXCompilerABI.cpp.o] ==> ignore
    arg [-lstdc++] ==> lib [stdc++]
    arg [-lm] ==> lib [m]
    arg [-lgcc_s] ==> lib [gcc_s]
    arg [-lgcc] ==> lib [gcc]
    arg [-lc] ==> lib [c]
    arg [-lgcc_s] ==> lib [gcc_s]
    arg [-lgcc] ==> lib [gcc]
    arg [/usr/lib/gcc/x86_64-linux-gnu/4.9/crtend.o] ==> ignore
    arg [/usr/lib/gcc/x86_64-linux-gnu/4.9/../../../x86_64-linux-gnu/crtn.o] ==> ignore
  remove lib [gcc_s]
  remove lib [gcc]
  remove lib [gcc_s]
  remove lib [gcc]
  collapse library dir [/usr/lib/gcc/x86_64-linux-gnu/4.9] ==> [/usr/lib/gcc/x86_64-linux-gnu/4.9]
  collapse library dir [/usr/lib/gcc/x86_64-linux-gnu/4.9/../../../x86_64-linux-gnu] ==> [/usr/lib/x86_64-linux-gnu]
  collapse library dir [/usr/lib/gcc/x86_64-linux-gnu/4.9/../../../../lib] ==> [/usr/lib]
  collapse library dir [/lib/x86_64-linux-gnu] ==> [/lib/x86_64-linux-gnu]
  collapse library dir [/lib/../lib] ==> [/lib]
  collapse library dir [/usr/lib/x86_64-linux-gnu] ==> [/usr/lib/x86_64-linux-gnu]
  collapse library dir [/usr/lib/../lib] ==> [/usr/lib]
  collapse library dir [/usr/lib/gcc/x86_64-linux-gnu/4.9/../../..] ==> [/usr/lib]
  implicit libs: [stdc++;m;c]
  implicit dirs: [/usr/lib/gcc/x86_64-linux-gnu/4.9;/usr/lib/x86_64-linux-gnu;/usr/lib;/lib/x86_64-linux-gnu;/lib]
  implicit fwks: []


Determining if files pthread.h exist passed with the following output:
Change Dir: /media/harry/Windows/scratch/sdk/ubuntu/nao/gs/robot-swing/sdk/sensormodule/build-naoqi/CMakeFiles/CMakeTmp

Run Build Command:"/usr/bin/make" "cmTryCompileExec3424721591/fast"
make[1]: Entering directory '/media/harry/Windows/scratch/sdk/ubuntu/nao/gs/robot-swing/sdk/sensormodule/build-naoqi/CMakeFiles/CMakeTmp'
/usr/bin/make -f CMakeFiles/cmTryCompileExec3424721591.dir/build.make CMakeFiles/cmTryCompileExec3424721591.dir/build
make[2]: Entering directory '/media/harry/Windows/scratch/sdk/ubuntu/nao/gs/robot-swing/sdk/sensormodule/build-naoqi/CMakeFiles/CMakeTmp'
/usr/bin/cmake -E cmake_progress_report /media/harry/Windows/scratch/sdk/ubuntu/nao/gs/robot-swing/sdk/sensormodule/build-naoqi/CMakeFiles/CMakeTmp/CMakeFiles 1
Building C object CMakeFiles/cmTryCompileExec3424721591.dir/CheckIncludeFiles.c.o
/usr/bin/cc    -o CMakeFiles/cmTryCompileExec3424721591.dir/CheckIncludeFiles.c.o   -c /media/harry/Windows/scratch/sdk/ubuntu/nao/gs/robot-swing/sdk/sensormodule/build-naoqi/CMakeFiles/CMakeTmp/CheckIncludeFiles.c
Linking C executable cmTryCompileExec3424721591
/usr/bin/cmake -E cmake_link_script CMakeFiles/cmTryCompileExec3424721591.dir/link.txt --verbose=1
/usr/bin/cc       CMakeFiles/cmTryCompileExec3424721591.dir/CheckIncludeFiles.c.o  -o cmTryCompileExec3424721591 -rdynamic 
make[2]: Leaving directory '/media/harry/Windows/scratch/sdk/ubuntu/nao/gs/robot-swing/sdk/sensormodule/build-naoqi/CMakeFiles/CMakeTmp'
make[1]: Leaving directory '/media/harry/Windows/scratch/sdk/ubuntu/nao/gs/robot-swing/sdk/sensormodule/build-naoqi/CMakeFiles/CMakeTmp'


Determining if the function pthread_create exists in the pthread passed with the following output:
Change Dir: /media/harry/Windows/scratch/sdk/ubuntu/nao/gs/robot-swing/sdk/sensormodule/build-naoqi/CMakeFiles/CMakeTmp

Run Build Command:"/usr/bin/make" "cmTryCompileExec1854611634/fast"
make[1]: Entering directory '/media/harry/Windows/scratch/sdk/ubuntu/nao/gs/robot-swing/sdk/sensormodule/build-naoqi/CMakeFiles/CMakeTmp'
/usr/bin/make -f CMakeFiles/cmTryCompileExec1854611634.dir/build.make CMakeFiles/cmTryCompileExec1854611634.dir/build
make[2]: Entering directory '/media/harry/Windows/scratch/sdk/ubuntu/nao/gs/robot-swing/sdk/sensormodule/build-naoqi/CMakeFiles/CMakeTmp'
/usr/bin/cmake -E cmake_progress_report /media/harry/Windows/scratch/sdk/ubuntu/nao/gs/robot-swing/sdk/sensormodule/build-naoqi/CMakeFiles/CMakeTmp/CMakeFiles 1
Building C object CMakeFiles/cmTryCompileExec1854611634.dir/CheckFunctionExists.c.o
/usr/bin/cc   -DCHECK_FUNCTION_EXISTS=pthread_create   -o CMakeFiles/cmTryCompileExec1854611634.dir/CheckFunctionExists.c.o   -c /usr/share/cmake-3.0/Modules/CheckFunctionExists.c
Linking C executable cmTryCompileExec1854611634
/usr/bin/cmake -E cmake_link_script CMakeFiles/cmTryCompileExec1854611634.dir/link.txt --verbose=1
/usr/bin/cc   -DCHECK_FUNCTION_EXISTS=pthread_create    CMakeFiles/cmTryCompileExec1854611634.dir/CheckFunctionExists.c.o  -o cmTryCompileExec1854611634 -rdynamic -lpthread 
make[2]: Leaving directory '/media/harry/Windows/scratch/sdk/ubuntu/nao/gs/robot-swing/sdk/sensormodule/build-naoqi/CMakeFiles/CMakeTmp'
make[1]: Leaving directory '/media/harry/Windows/scratch/sdk/ubuntu/nao/gs/robot-swing/sdk/sensormodule/build-naoqi/CMakeFiles/CMakeTmp'


Determining if files pthread.h exist passed with the following output:
Change Dir: /media/harry/Windows/scratch/sdk/ubuntu/nao/gs/robot-swing/sdk/sensormodule/build-naoqi/CMakeFiles/CMakeTmp

Run Build Command:"/usr/bin/make" "cmTryCompileExec3083792078/fast"
/usr/bin/make -f CMakeFiles/cmTryCompileExec3083792078.dir/build.make CMakeFiles/cmTryCompileExec3083792078.dir/build
make[1]: Entering directory '/media/harry/Windows/scratch/sdk/ubuntu/nao/gs/robot-swing/sdk/sensormodule/build-naoqi/CMakeFiles/CMakeTmp'
/usr/bin/cmake -E cmake_progress_report /media/harry/Windows/scratch/sdk/ubuntu/nao/gs/robot-swing/sdk/sensormodule/build-naoqi/CMakeFiles/CMakeTmp/CMakeFiles 1
Building C object CMakeFiles/cmTryCompileExec3083792078.dir/CheckIncludeFiles.c.o
/usr/bin/cc    -o CMakeFiles/cmTryCompileExec3083792078.dir/CheckIncludeFiles.c.o   -c /media/harry/Windows/scratch/sdk/ubuntu/nao/gs/robot-swing/sdk/sensormodule/build-naoqi/CMakeFiles/CMakeTmp/CheckIncludeFiles.c
Linking C executable cmTryCompileExec3083792078
/usr/bin/cmake -E cmake_link_script CMakeFiles/cmTryCompileExec3083792078.dir/link.txt --verbose=1
/usr/bin/cc       CMakeFiles/cmTryCompileExec3083792078.dir/CheckIncludeFiles.c.o  -o cmTryCompileExec3083792078 -rdynamic 
make[1]: Leaving directory '/media/harry/Windows/scratch/sdk/ubuntu/nao/gs/robot-swing/sdk/sensormodule/build-naoqi/CMakeFiles/CMakeTmp'


Determining if the function pthread_create exists in the pthread passed with the following output:
Change Dir: /media/harry/Windows/scratch/sdk/ubuntu/nao/gs/robot-swing/sdk/sensormodule/build-naoqi/CMakeFiles/CMakeTmp

Run Build Command:"/usr/bin/make" "cmTryCompileExec3065121985/fast"
/usr/bin/make -f CMakeFiles/cmTryCompileExec3065121985.dir/build.make CMakeFiles/cmTryCompileExec3065121985.dir/build
make[1]: Entering directory '/media/harry/Windows/scratch/sdk/ubuntu/nao/gs/robot-swing/sdk/sensormodule/build-naoqi/CMakeFiles/CMakeTmp'
/usr/bin/cmake -E cmake_progress_report /media/harry/Windows/scratch/sdk/ubuntu/nao/gs/robot-swing/sdk/sensormodule/build-naoqi/CMakeFiles/CMakeTmp/CMakeFiles 1
Building C object CMakeFiles/cmTryCompileExec3065121985.dir/CheckFunctionExists.c.o
/usr/bin/cc   -DCHECK_FUNCTION_EXISTS=pthread_create   -o CMakeFiles/cmTryCompileExec3065121985.dir/CheckFunctionExists.c.o   -c /usr/share/cmake-3.0/Modules/CheckFunctionExists.c
Linking C executable cmTryCompileExec3065121985
/usr/bin/cmake -E cmake_link_script CMakeFiles/cmTryCompileExec3065121985.dir/link.txt --verbose=1
/usr/bin/cc   -DCHECK_FUNCTION_EXISTS=pthread_create    CMakeFiles/cmTryCompileExec3065121985.dir/CheckFunctionExists.c.o  -o cmTryCompileExec3065121985 -rdynamic -lpthread 
make[1]: Leaving directory '/media/harry/Windows/scratch/sdk/ubuntu/nao/gs/robot-swing/sdk/sensormodule/build-naoqi/CMakeFiles/CMakeTmp'


Determining if files pthread.h exist passed with the following output:
Change Dir: /media/harry/Windows/scratch/sdk/ubuntu/nao/gs/robot-swing/sdk/sensormodule/build-naoqi/CMakeFiles/CMakeTmp

Run Build Command:"/usr/bin/make" "cmTryCompileExec1541829453/fast"
/usr/bin/make -f CMakeFiles/cmTryCompileExec1541829453.dir/build.make CMakeFiles/cmTryCompileExec1541829453.dir/build
make[1]: Entering directory '/media/harry/Windows/scratch/sdk/ubuntu/nao/gs/robot-swing/sdk/sensormodule/build-naoqi/CMakeFiles/CMakeTmp'
/usr/bin/cmake -E cmake_progress_report /media/harry/Windows/scratch/sdk/ubuntu/nao/gs/robot-swing/sdk/sensormodule/build-naoqi/CMakeFiles/CMakeTmp/CMakeFiles 1
Building C object CMakeFiles/cmTryCompileExec1541829453.dir/CheckIncludeFiles.c.o
/usr/bin/cc    -o CMakeFiles/cmTryCompileExec1541829453.dir/CheckIncludeFiles.c.o   -c /media/harry/Windows/scratch/sdk/ubuntu/nao/gs/robot-swing/sdk/sensormodule/build-naoqi/CMakeFiles/CMakeTmp/CheckIncludeFiles.c
Linking C executable cmTryCompileExec1541829453
/usr/bin/cmake -E cmake_link_script CMakeFiles/cmTryCompileExec1541829453.dir/link.txt --verbose=1
/usr/bin/cc       CMakeFiles/cmTryCompileExec1541829453.dir/CheckIncludeFiles.c.o  -o cmTryCompileExec1541829453 -rdynamic 
make[1]: Leaving directory '/media/harry/Windows/scratch/sdk/ubuntu/nao/gs/robot-swing/sdk/sensormodule/build-naoqi/CMakeFiles/CMakeTmp'


Determining if the function pthread_create exists in the pthread passed with the following output:
Change Dir: /media/harry/Windows/scratch/sdk/ubuntu/nao/gs/robot-swing/sdk/sensormodule/build-naoqi/CMakeFiles/CMakeTmp

Run Build Command:"/usr/bin/make" "cmTryCompileExec3138942788/fast"
/usr/bin/make -f CMakeFiles/cmTryCompileExec3138942788.dir/build.make CMakeFiles/cmTryCompileExec3138942788.dir/build
make[1]: Entering directory '/media/harry/Windows/scratch/sdk/ubuntu/nao/gs/robot-swing/sdk/sensormodule/build-naoqi/CMakeFiles/CMakeTmp'
/usr/bin/cmake -E cmake_progress_report /media/harry/Windows/scratch/sdk/ubuntu/nao/gs/robot-swing/sdk/sensormodule/build-naoqi/CMakeFiles/CMakeTmp/CMakeFiles 1
Building C object CMakeFiles/cmTryCompileExec3138942788.dir/CheckFunctionExists.c.o
/usr/bin/cc   -DCHECK_FUNCTION_EXISTS=pthread_create   -o CMakeFiles/cmTryCompileExec3138942788.dir/CheckFunctionExists.c.o   -c /usr/share/cmake-3.0/Modules/CheckFunctionExists.c
Linking C executable cmTryCompileExec3138942788
/usr/bin/cmake -E cmake_link_script CMakeFiles/cmTryCompileExec3138942788.dir/link.txt --verbose=1
/usr/bin/cc   -DCHECK_FUNCTION_EXISTS=pthread_create    CMakeFiles/cmTryCompileExec3138942788.dir/CheckFunctionExists.c.o  -o cmTryCompileExec3138942788 -rdynamic -lpthread 
make[1]: Leaving directory '/media/harry/Windows/scratch/sdk/ubuntu/nao/gs/robot-swing/sdk/sensormodule/build-naoqi/CMakeFiles/CMakeTmp'


Determining if files pthread.h exist passed with the following output:
Change Dir: /media/harry/Windows/scratch/sdk/ubuntu/nao/gs/robot-swing/sdk/sensormodule/build-naoqi/CMakeFiles/CMakeTmp

Run Build Command:"/usr/bin/make" "cmTryCompileExec1092977719/fast"
/usr/bin/make -f CMakeFiles/cmTryCompileExec1092977719.dir/build.make CMakeFiles/cmTryCompileExec1092977719.dir/build
make[1]: Entering directory '/media/harry/Windows/scratch/sdk/ubuntu/nao/gs/robot-swing/sdk/sensormodule/build-naoqi/CMakeFiles/CMakeTmp'
/usr/bin/cmake -E cmake_progress_report /media/harry/Windows/scratch/sdk/ubuntu/nao/gs/robot-swing/sdk/sensormodule/build-naoqi/CMakeFiles/CMakeTmp/CMakeFiles 1
Building C object CMakeFiles/cmTryCompileExec1092977719.dir/CheckIncludeFiles.c.o
/usr/bin/cc    -o CMakeFiles/cmTryCompileExec1092977719.dir/CheckIncludeFiles.c.o   -c /media/harry/Windows/scratch/sdk/ubuntu/nao/gs/robot-swing/sdk/sensormodule/build-naoqi/CMakeFiles/CMakeTmp/CheckIncludeFiles.c
Linking C executable cmTryCompileExec1092977719
/usr/bin/cmake -E cmake_link_script CMakeFiles/cmTryCompileExec1092977719.dir/link.txt --verbose=1
/usr/bin/cc       CMakeFiles/cmTryCompileExec1092977719.dir/CheckIncludeFiles.c.o  -o cmTryCompileExec1092977719 -rdynamic 
make[1]: Leaving directory '/media/harry/Windows/scratch/sdk/ubuntu/nao/gs/robot-swing/sdk/sensormodule/build-naoqi/CMakeFiles/CMakeTmp'


Determining if the function pthread_create exists in the pthread passed with the following output:
Change Dir: /media/harry/Windows/scratch/sdk/ubuntu/nao/gs/robot-swing/sdk/sensormodule/build-naoqi/CMakeFiles/CMakeTmp

Run Build Command:"/usr/bin/make" "cmTryCompileExec2226579970/fast"
/usr/bin/make -f CMakeFiles/cmTryCompileExec2226579970.dir/build.make CMakeFiles/cmTryCompileExec2226579970.dir/build
make[1]: Entering directory '/media/harry/Windows/scratch/sdk/ubuntu/nao/gs/robot-swing/sdk/sensormodule/build-naoqi/CMakeFiles/CMakeTmp'
/usr/bin/cmake -E cmake_progress_report /media/harry/Windows/scratch/sdk/ubuntu/nao/gs/robot-swing/sdk/sensormodule/build-naoqi/CMakeFiles/CMakeTmp/CMakeFiles 1
Building C object CMakeFiles/cmTryCompileExec2226579970.dir/CheckFunctionExists.c.o
/usr/bin/cc   -DCHECK_FUNCTION_EXISTS=pthread_create   -o CMakeFiles/cmTryCompileExec2226579970.dir/CheckFunctionExists.c.o   -c /usr/share/cmake-3.0/Modules/CheckFunctionExists.c
Linking C executable cmTryCompileExec2226579970
/usr/bin/cmake -E cmake_link_script CMakeFiles/cmTryCompileExec2226579970.dir/link.txt --verbose=1
/usr/bin/cc   -DCHECK_FUNCTION_EXISTS=pthread_create    CMakeFiles/cmTryCompileExec2226579970.dir/CheckFunctionExists.c.o  -o cmTryCompileExec2226579970 -rdynamic -lpthread 
make[1]: Leaving directory '/media/harry/Windows/scratch/sdk/ubuntu/nao/gs/robot-swing/sdk/sensormodule/build-naoqi/CMakeFiles/CMakeTmp'


Determining if files pthread.h exist passed with the following output:
Change Dir: /media/harry/Windows/scratch/sdk/ubuntu/nao/gs/robot-swing/sdk/sensormodule/build-naoqi/CMakeFiles/CMakeTmp

Run Build Command:"/usr/bin/make" "cmTryCompileExec758944888/fast"
/usr/bin/make -f CMakeFiles/cmTryCompileExec758944888.dir/build.make CMakeFiles/cmTryCompileExec758944888.dir/build
make[1]: Entering directory '/media/harry/Windows/scratch/sdk/ubuntu/nao/gs/robot-swing/sdk/sensormodule/build-naoqi/CMakeFiles/CMakeTmp'
/usr/bin/cmake -E cmake_progress_report /media/harry/Windows/scratch/sdk/ubuntu/nao/gs/robot-swing/sdk/sensormodule/build-naoqi/CMakeFiles/CMakeTmp/CMakeFiles 1
Building C object CMakeFiles/cmTryCompileExec758944888.dir/CheckIncludeFiles.c.o
/usr/bin/cc    -o CMakeFiles/cmTryCompileExec758944888.dir/CheckIncludeFiles.c.o   -c /media/harry/Windows/scratch/sdk/ubuntu/nao/gs/robot-swing/sdk/sensormodule/build-naoqi/CMakeFiles/CMakeTmp/CheckIncludeFiles.c
Linking C executable cmTryCompileExec758944888
/usr/bin/cmake -E cmake_link_script CMakeFiles/cmTryCompileExec758944888.dir/link.txt --verbose=1
/usr/bin/cc       CMakeFiles/cmTryCompileExec758944888.dir/CheckIncludeFiles.c.o  -o cmTryCompileExec758944888 -rdynamic 
make[1]: Leaving directory '/media/harry/Windows/scratch/sdk/ubuntu/nao/gs/robot-swing/sdk/sensormodule/build-naoqi/CMakeFiles/CMakeTmp'


Determining if the function pthread_create exists in the pthread passed with the following output:
Change Dir: /media/harry/Windows/scratch/sdk/ubuntu/nao/gs/robot-swing/sdk/sensormodule/build-naoqi/CMakeFiles/CMakeTmp

Run Build Command:"/usr/bin/make" "cmTryCompileExec652945861/fast"
/usr/bin/make -f CMakeFiles/cmTryCompileExec652945861.dir/build.make CMakeFiles/cmTryCompileExec652945861.dir/build
make[1]: Entering directory '/media/harry/Windows/scratch/sdk/ubuntu/nao/gs/robot-swing/sdk/sensormodule/build-naoqi/CMakeFiles/CMakeTmp'
/usr/bin/cmake -E cmake_progress_report /media/harry/Windows/scratch/sdk/ubuntu/nao/gs/robot-swing/sdk/sensormodule/build-naoqi/CMakeFiles/CMakeTmp/CMakeFiles 1
Building C object CMakeFiles/cmTryCompileExec652945861.dir/CheckFunctionExists.c.o
/usr/bin/cc   -DCHECK_FUNCTION_EXISTS=pthread_create   -o CMakeFiles/cmTryCompileExec652945861.dir/CheckFunctionExists.c.o   -c /usr/share/cmake-3.0/Modules/CheckFunctionExists.c
Linking C executable cmTryCompileExec652945861
/usr/bin/cmake -E cmake_link_script CMakeFiles/cmTryCompileExec652945861.dir/link.txt --verbose=1
/usr/bin/cc   -DCHECK_FUNCTION_EXISTS=pthread_create    CMakeFiles/cmTryCompileExec652945861.dir/CheckFunctionExists.c.o  -o cmTryCompileExec652945861 -rdynamic -lpthread 
make[1]: Leaving directory '/media/harry/Windows/scratch/sdk/ubuntu/nao/gs/robot-swing/sdk/sensormodule/build-naoqi/CMakeFiles/CMakeTmp'


Determining if files pthread.h exist passed with the following output:
Change Dir: /media/harry/Windows/scratch/sdk/ubuntu/nao/gs/robot-swing/sdk/sensormodule/build-naoqi/CMakeFiles/CMakeTmp

Run Build Command:"/usr/bin/make" "cmTryCompileExec602031975/fast"
/usr/bin/make -f CMakeFiles/cmTryCompileExec602031975.dir/build.make CMakeFiles/cmTryCompileExec602031975.dir/build
make[1]: Entering directory '/media/harry/Windows/scratch/sdk/ubuntu/nao/gs/robot-swing/sdk/sensormodule/build-naoqi/CMakeFiles/CMakeTmp'
/usr/bin/cmake -E cmake_progress_report /media/harry/Windows/scratch/sdk/ubuntu/nao/gs/robot-swing/sdk/sensormodule/build-naoqi/CMakeFiles/CMakeTmp/CMakeFiles 1
Building C object CMakeFiles/cmTryCompileExec602031975.dir/CheckIncludeFiles.c.o
/usr/bin/cc    -o CMakeFiles/cmTryCompileExec602031975.dir/CheckIncludeFiles.c.o   -c /media/harry/Windows/scratch/sdk/ubuntu/nao/gs/robot-swing/sdk/sensormodule/build-naoqi/CMakeFiles/CMakeTmp/CheckIncludeFiles.c
Linking C executable cmTryCompileExec602031975
/usr/bin/cmake -E cmake_link_script CMakeFiles/cmTryCompileExec602031975.dir/link.txt --verbose=1
/usr/bin/cc       CMakeFiles/cmTryCompileExec602031975.dir/CheckIncludeFiles.c.o  -o cmTryCompileExec602031975 -rdynamic 
make[1]: Leaving directory '/media/harry/Windows/scratch/sdk/ubuntu/nao/gs/robot-swing/sdk/sensormodule/build-naoqi/CMakeFiles/CMakeTmp'


Determining if the function pthread_create exists in the pthread passed with the following output:
Change Dir: /media/harry/Windows/scratch/sdk/ubuntu/nao/gs/robot-swing/sdk/sensormodule/build-naoqi/CMakeFiles/CMakeTmp

Run Build Command:"/usr/bin/make" "cmTryCompileExec1994329206/fast"
/usr/bin/make -f CMakeFiles/cmTryCompileExec1994329206.dir/build.make CMakeFiles/cmTryCompileExec1994329206.dir/build
make[1]: Entering directory '/media/harry/Windows/scratch/sdk/ubuntu/nao/gs/robot-swing/sdk/sensormodule/build-naoqi/CMakeFiles/CMakeTmp'
/usr/bin/cmake -E cmake_progress_report /media/harry/Windows/scratch/sdk/ubuntu/nao/gs/robot-swing/sdk/sensormodule/build-naoqi/CMakeFiles/CMakeTmp/CMakeFiles 1
Building C object CMakeFiles/cmTryCompileExec1994329206.dir/CheckFunctionExists.c.o
/usr/bin/cc   -DCHECK_FUNCTION_EXISTS=pthread_create   -o CMakeFiles/cmTryCompileExec1994329206.dir/CheckFunctionExists.c.o   -c /usr/share/cmake-3.0/Modules/CheckFunctionExists.c
Linking C executable cmTryCompileExec1994329206
/usr/bin/cmake -E cmake_link_script CMakeFiles/cmTryCompileExec1994329206.dir/link.txt --verbose=1
/usr/bin/cc   -DCHECK_FUNCTION_EXISTS=pthread_create    CMakeFiles/cmTryCompileExec1994329206.dir/CheckFunctionExists.c.o  -o cmTryCompileExec1994329206 -rdynamic -lpthread 
make[1]: Leaving directory '/media/harry/Windows/scratch/sdk/ubuntu/nao/gs/robot-swing/sdk/sensormodule/build-naoqi/CMakeFiles/CMakeTmp'


