Determining if the function pthread_create exists in the pthreads failed with the following output:
Change Dir: /gs/naoqi/doc/examples/new/robot-swing/sdk/gyroevent/build-crossdan/CMakeFiles/CMakeTmp

Run Build Command:/usr/bin/make "cmTryCompileExec/fast"
/usr/bin/make -f CMakeFiles/cmTryCompileExec.dir/build.make CMakeFiles/cmTryCompileExec.dir/build
make[1]: Entering directory `/gs/naoqi/doc/examples/new/robot-swing/sdk/gyroevent/build-crossdan/CMakeFiles/CMakeTmp'
/usr/bin/cmake -E cmake_progress_report /gs/naoqi/doc/examples/new/robot-swing/sdk/gyroevent/build-crossdan/CMakeFiles/CMakeTmp/CMakeFiles 1
Building C object CMakeFiles/cmTryCompileExec.dir/CheckFunctionExists.c.o
/gs/cross/cross/bin/i686-aldebaran-linux-gnu-gcc   --sysroot /gs/cross//sysroot/ -pipe -fomit-frame-pointer -fno-align-jumps -fno-align-functions -fno-align-labels -fno-align-loops -m32 -mtune=generic -DOE_CROSS_BUILD  -DCHECK_FUNCTION_EXISTS=pthread_create   -o CMakeFiles/cmTryCompileExec.dir/CheckFunctionExists.c.o   -c /usr/share/cmake-2.8/Modules/CheckFunctionExists.c
Linking C executable cmTryCompileExec
/usr/bin/cmake -E cmake_link_script CMakeFiles/cmTryCompileExec.dir/link.txt --verbose=1
/gs/cross/cross/bin/i686-aldebaran-linux-gnu-gcc    --sysroot /gs/cross//sysroot/ -pipe -fomit-frame-pointer -fno-align-jumps -fno-align-functions -fno-align-labels -fno-align-loops -m32 -mtune=generic -DOE_CROSS_BUILD  -DCHECK_FUNCTION_EXISTS=pthread_create  -Wl,--sysroot,/gs/cross//sysroot/ CMakeFiles/cmTryCompileExec.dir/CheckFunctionExists.c.o  -o cmTryCompileExec -rdynamic -lpthreads 
/gs/cross/cross/bin/../lib/gcc/i686-aldebaran-linux-gnu/4.5.3/../../../../i686-aldebaran-linux-gnu/bin/ld: cannot find -lpthreads
make[1]: Leaving directory `/gs/naoqi/doc/examples/new/robot-swing/sdk/gyroevent/build-crossdan/CMakeFiles/CMakeTmp'
collect2: ld returned 1 exit status
make[1]: *** [cmTryCompileExec] Error 1
make: *** [cmTryCompileExec/fast] Error 2


Determining if the function pthread_create exists in the pthreads failed with the following output:
Change Dir: /gs/naoqi/doc/examples/new/robot-swing/sdk/gyroevent/build-crossdan/CMakeFiles/CMakeTmp

Run Build Command:/usr/bin/make "cmTryCompileExec/fast"
/usr/bin/make -f CMakeFiles/cmTryCompileExec.dir/build.make CMakeFiles/cmTryCompileExec.dir/build
make[1]: Entering directory `/gs/naoqi/doc/examples/new/robot-swing/sdk/gyroevent/build-crossdan/CMakeFiles/CMakeTmp'
/usr/bin/cmake -E cmake_progress_report /gs/naoqi/doc/examples/new/robot-swing/sdk/gyroevent/build-crossdan/CMakeFiles/CMakeTmp/CMakeFiles 1
Building C object CMakeFiles/cmTryCompileExec.dir/CheckFunctionExists.c.o
/gs/cross/cross/bin/i686-aldebaran-linux-gnu-gcc   --sysroot /gs/cross//sysroot/ -pipe -fomit-frame-pointer -fno-align-jumps -fno-align-functions -fno-align-labels -fno-align-loops -m32 -mtune=generic -DOE_CROSS_BUILD  -DCHECK_FUNCTION_EXISTS=pthread_create   -o CMakeFiles/cmTryCompileExec.dir/CheckFunctionExists.c.o   -c /usr/share/cmake-2.8/Modules/CheckFunctionExists.c
Linking C executable cmTryCompileExec
/usr/bin/cmake -E cmake_link_script CMakeFiles/cmTryCompileExec.dir/link.txt --verbose=1
/gs/cross/cross/bin/i686-aldebaran-linux-gnu-gcc    --sysroot /gs/cross//sysroot/ -pipe -fomit-frame-pointer -fno-align-jumps -fno-align-functions -fno-align-labels -fno-align-loops -m32 -mtune=generic -DOE_CROSS_BUILD  -DCHECK_FUNCTION_EXISTS=pthread_create  -Wl,--sysroot,/gs/cross//sysroot/ CMakeFiles/cmTryCompileExec.dir/CheckFunctionExists.c.o  -o cmTryCompileExec -rdynamic -lpthreads 
/gs/cross/cross/bin/../lib/gcc/i686-aldebaran-linux-gnu/4.5.3/../../../../i686-aldebaran-linux-gnu/bin/ld: cannot find -lpthreads
make[1]: Leaving directory `/gs/naoqi/doc/examples/new/robot-swing/sdk/gyroevent/build-crossdan/CMakeFiles/CMakeTmp'
collect2: ld returned 1 exit status
make[1]: *** [cmTryCompileExec] Error 1
make: *** [cmTryCompileExec/fast] Error 2


Determining if the function pthread_create exists in the pthreads failed with the following output:
Change Dir: /gs/naoqi/doc/examples/new/robot-swing/sdk/gyroevent/build-crossdan/CMakeFiles/CMakeTmp

Run Build Command:/usr/bin/make "cmTryCompileExec/fast"
/usr/bin/make -f CMakeFiles/cmTryCompileExec.dir/build.make CMakeFiles/cmTryCompileExec.dir/build
make[1]: Entering directory `/gs/naoqi/doc/examples/new/robot-swing/sdk/gyroevent/build-crossdan/CMakeFiles/CMakeTmp'
/usr/bin/cmake -E cmake_progress_report /gs/naoqi/doc/examples/new/robot-swing/sdk/gyroevent/build-crossdan/CMakeFiles/CMakeTmp/CMakeFiles 1
Building C object CMakeFiles/cmTryCompileExec.dir/CheckFunctionExists.c.o
/gs/cross/cross/bin/i686-aldebaran-linux-gnu-gcc   --sysroot /gs/cross//sysroot/ -pipe -fomit-frame-pointer -fno-align-jumps -fno-align-functions -fno-align-labels -fno-align-loops -m32 -mtune=generic -DOE_CROSS_BUILD  -DCHECK_FUNCTION_EXISTS=pthread_create   -o CMakeFiles/cmTryCompileExec.dir/CheckFunctionExists.c.o   -c /usr/share/cmake-2.8/Modules/CheckFunctionExists.c
Linking C executable cmTryCompileExec
/usr/bin/cmake -E cmake_link_script CMakeFiles/cmTryCompileExec.dir/link.txt --verbose=1
/gs/cross/cross/bin/i686-aldebaran-linux-gnu-gcc    --sysroot /gs/cross//sysroot/ -pipe -fomit-frame-pointer -fno-align-jumps -fno-align-functions -fno-align-labels -fno-align-loops -m32 -mtune=generic -DOE_CROSS_BUILD  -DCHECK_FUNCTION_EXISTS=pthread_create  -Wl,--sysroot,/gs/cross//sysroot/ CMakeFiles/cmTryCompileExec.dir/CheckFunctionExists.c.o  -o cmTryCompileExec -rdynamic -lpthreads 
/gs/cross/cross/bin/../lib/gcc/i686-aldebaran-linux-gnu/4.5.3/../../../../i686-aldebaran-linux-gnu/bin/ld: cannot find -lpthreads
collect2: ld returned 1 exit status
make[1]: Leaving directory `/gs/naoqi/doc/examples/new/robot-swing/sdk/gyroevent/build-crossdan/CMakeFiles/CMakeTmp'
make[1]: *** [cmTryCompileExec] Error 1
make: *** [cmTryCompileExec/fast] Error 2


Determining if the function pthread_create exists in the pthreads failed with the following output:
Change Dir: /gs/naoqi/doc/examples/new/robot-swing/sdk/gyroevent/build-crossdan/CMakeFiles/CMakeTmp

Run Build Command:/usr/bin/make "cmTryCompileExec/fast"
/usr/bin/make -f CMakeFiles/cmTryCompileExec.dir/build.make CMakeFiles/cmTryCompileExec.dir/build
make[1]: Entering directory `/gs/naoqi/doc/examples/new/robot-swing/sdk/gyroevent/build-crossdan/CMakeFiles/CMakeTmp'
/usr/bin/cmake -E cmake_progress_report /gs/naoqi/doc/examples/new/robot-swing/sdk/gyroevent/build-crossdan/CMakeFiles/CMakeTmp/CMakeFiles 1
Building C object CMakeFiles/cmTryCompileExec.dir/CheckFunctionExists.c.o
/gs/cross/cross/bin/i686-aldebaran-linux-gnu-gcc   --sysroot /gs/cross//sysroot/ -pipe -fomit-frame-pointer -fno-align-jumps -fno-align-functions -fno-align-labels -fno-align-loops -m32 -mtune=generic -DOE_CROSS_BUILD  -DCHECK_FUNCTION_EXISTS=pthread_create   -o CMakeFiles/cmTryCompileExec.dir/CheckFunctionExists.c.o   -c /usr/share/cmake-2.8/Modules/CheckFunctionExists.c
Linking C executable cmTryCompileExec
/usr/bin/cmake -E cmake_link_script CMakeFiles/cmTryCompileExec.dir/link.txt --verbose=1
/gs/cross/cross/bin/i686-aldebaran-linux-gnu-gcc    --sysroot /gs/cross//sysroot/ -pipe -fomit-frame-pointer -fno-align-jumps -fno-align-functions -fno-align-labels -fno-align-loops -m32 -mtune=generic -DOE_CROSS_BUILD  -DCHECK_FUNCTION_EXISTS=pthread_create  -Wl,--sysroot,/gs/cross//sysroot/ CMakeFiles/cmTryCompileExec.dir/CheckFunctionExists.c.o  -o cmTryCompileExec -rdynamic -lpthreads 
/gs/cross/cross/bin/../lib/gcc/i686-aldebaran-linux-gnu/4.5.3/../../../../i686-aldebaran-linux-gnu/bin/ld: cannot find -lpthreads
make[1]: Leaving directory `/gs/naoqi/doc/examples/new/robot-swing/sdk/gyroevent/build-crossdan/CMakeFiles/CMakeTmp'
collect2: ld returned 1 exit status
make[1]: *** [cmTryCompileExec] Error 1
make: *** [cmTryCompileExec/fast] Error 2


Determining if the function pthread_create exists in the pthreads failed with the following output:
Change Dir: /gs/naoqi/doc/examples/new/robot-swing/sdk/gyroevent/build-crossdan/CMakeFiles/CMakeTmp

Run Build Command:/usr/bin/make "cmTryCompileExec/fast"
/usr/bin/make -f CMakeFiles/cmTryCompileExec.dir/build.make CMakeFiles/cmTryCompileExec.dir/build
make[1]: Entering directory `/gs/naoqi/doc/examples/new/robot-swing/sdk/gyroevent/build-crossdan/CMakeFiles/CMakeTmp'
/usr/bin/cmake -E cmake_progress_report /gs/naoqi/doc/examples/new/robot-swing/sdk/gyroevent/build-crossdan/CMakeFiles/CMakeTmp/CMakeFiles 1
Building C object CMakeFiles/cmTryCompileExec.dir/CheckFunctionExists.c.o
/gs/cross/cross/bin/i686-aldebaran-linux-gnu-gcc   --sysroot /gs/cross//sysroot/ -pipe -fomit-frame-pointer -fno-align-jumps -fno-align-functions -fno-align-labels -fno-align-loops -m32 -mtune=generic -DOE_CROSS_BUILD  -DCHECK_FUNCTION_EXISTS=pthread_create   -o CMakeFiles/cmTryCompileExec.dir/CheckFunctionExists.c.o   -c /usr/share/cmake-2.8/Modules/CheckFunctionExists.c
Linking C executable cmTryCompileExec
/usr/bin/cmake -E cmake_link_script CMakeFiles/cmTryCompileExec.dir/link.txt --verbose=1
/gs/cross/cross/bin/i686-aldebaran-linux-gnu-gcc    --sysroot /gs/cross//sysroot/ -pipe -fomit-frame-pointer -fno-align-jumps -fno-align-functions -fno-align-labels -fno-align-loops -m32 -mtune=generic -DOE_CROSS_BUILD  -DCHECK_FUNCTION_EXISTS=pthread_create  -Wl,--sysroot,/gs/cross//sysroot/ CMakeFiles/cmTryCompileExec.dir/CheckFunctionExists.c.o  -o cmTryCompileExec -rdynamic -lpthreads 
/gs/cross/cross/bin/../lib/gcc/i686-aldebaran-linux-gnu/4.5.3/../../../../i686-aldebaran-linux-gnu/bin/ld: cannot find -lpthreads
make[1]: Leaving directory `/gs/naoqi/doc/examples/new/robot-swing/sdk/gyroevent/build-crossdan/CMakeFiles/CMakeTmp'
collect2: ld returned 1 exit status
make[1]: *** [cmTryCompileExec] Error 1
make: *** [cmTryCompileExec/fast] Error 2


Determining if the function pthread_create exists in the pthreads failed with the following output:
Change Dir: /gs/naoqi/doc/examples/new/robot-swing/sdk/gyroevent/build-crossdan/CMakeFiles/CMakeTmp

Run Build Command:/usr/bin/make "cmTryCompileExec/fast"
/usr/bin/make -f CMakeFiles/cmTryCompileExec.dir/build.make CMakeFiles/cmTryCompileExec.dir/build
make[1]: Entering directory `/gs/naoqi/doc/examples/new/robot-swing/sdk/gyroevent/build-crossdan/CMakeFiles/CMakeTmp'
/usr/bin/cmake -E cmake_progress_report /gs/naoqi/doc/examples/new/robot-swing/sdk/gyroevent/build-crossdan/CMakeFiles/CMakeTmp/CMakeFiles 1
Building C object CMakeFiles/cmTryCompileExec.dir/CheckFunctionExists.c.o
/gs/cross/cross/bin/i686-aldebaran-linux-gnu-gcc   --sysroot /gs/cross//sysroot/ -pipe -fomit-frame-pointer -fno-align-jumps -fno-align-functions -fno-align-labels -fno-align-loops -m32 -mtune=generic -DOE_CROSS_BUILD  -DCHECK_FUNCTION_EXISTS=pthread_create   -o CMakeFiles/cmTryCompileExec.dir/CheckFunctionExists.c.o   -c /usr/share/cmake-2.8/Modules/CheckFunctionExists.c
Linking C executable cmTryCompileExec
/usr/bin/cmake -E cmake_link_script CMakeFiles/cmTryCompileExec.dir/link.txt --verbose=1
/gs/cross/cross/bin/i686-aldebaran-linux-gnu-gcc    --sysroot /gs/cross//sysroot/ -pipe -fomit-frame-pointer -fno-align-jumps -fno-align-functions -fno-align-labels -fno-align-loops -m32 -mtune=generic -DOE_CROSS_BUILD  -DCHECK_FUNCTION_EXISTS=pthread_create  -Wl,--sysroot,/gs/cross//sysroot/ CMakeFiles/cmTryCompileExec.dir/CheckFunctionExists.c.o  -o cmTryCompileExec -rdynamic -lpthreads 
/gs/cross/cross/bin/../lib/gcc/i686-aldebaran-linux-gnu/4.5.3/../../../../i686-aldebaran-linux-gnu/bin/ld: cannot find -lpthreads
collect2: ld returned 1 exit status
make[1]: Leaving directory `/gs/naoqi/doc/examples/new/robot-swing/sdk/gyroevent/build-crossdan/CMakeFiles/CMakeTmp'
make[1]: *** [cmTryCompileExec] Error 1
make: *** [cmTryCompileExec/fast] Error 2


Determining if the function pthread_create exists in the pthreads failed with the following output:
Change Dir: /gs/naoqi/doc/examples/new/robot-swing/sdk/gyroevent/build-crossdan/CMakeFiles/CMakeTmp

Run Build Command:/usr/bin/make "cmTryCompileExec/fast"
/usr/bin/make -f CMakeFiles/cmTryCompileExec.dir/build.make CMakeFiles/cmTryCompileExec.dir/build
make[1]: Entering directory `/gs/naoqi/doc/examples/new/robot-swing/sdk/gyroevent/build-crossdan/CMakeFiles/CMakeTmp'
/usr/bin/cmake -E cmake_progress_report /gs/naoqi/doc/examples/new/robot-swing/sdk/gyroevent/build-crossdan/CMakeFiles/CMakeTmp/CMakeFiles 1
Building C object CMakeFiles/cmTryCompileExec.dir/CheckFunctionExists.c.o
/gs/cross/cross/bin/i686-aldebaran-linux-gnu-gcc   --sysroot /gs/cross//sysroot/ -pipe -fomit-frame-pointer -fno-align-jumps -fno-align-functions -fno-align-labels -fno-align-loops -m32 -mtune=generic -DOE_CROSS_BUILD  -DCHECK_FUNCTION_EXISTS=pthread_create   -o CMakeFiles/cmTryCompileExec.dir/CheckFunctionExists.c.o   -c /usr/share/cmake-2.8/Modules/CheckFunctionExists.c
Linking C executable cmTryCompileExec
/usr/bin/cmake -E cmake_link_script CMakeFiles/cmTryCompileExec.dir/link.txt --verbose=1
/gs/cross/cross/bin/i686-aldebaran-linux-gnu-gcc    --sysroot /gs/cross//sysroot/ -pipe -fomit-frame-pointer -fno-align-jumps -fno-align-functions -fno-align-labels -fno-align-loops -m32 -mtune=generic -DOE_CROSS_BUILD  -DCHECK_FUNCTION_EXISTS=pthread_create  -Wl,--sysroot,/gs/cross//sysroot/ CMakeFiles/cmTryCompileExec.dir/CheckFunctionExists.c.o  -o cmTryCompileExec -rdynamic -lpthreads 
/gs/cross/cross/bin/../lib/gcc/i686-aldebaran-linux-gnu/4.5.3/../../../../i686-aldebaran-linux-gnu/bin/ld: cannot find -lpthreads
collect2: ld returned 1 exit status
make[1]: Leaving directory `/gs/naoqi/doc/examples/new/robot-swing/sdk/gyroevent/build-crossdan/CMakeFiles/CMakeTmp'
make[1]: *** [cmTryCompileExec] Error 1
make: *** [cmTryCompileExec/fast] Error 2


Determining if the function pthread_create exists in the pthreads failed with the following output:
Change Dir: /gs/naoqi/doc/examples/new/robot-swing/sdk/gyroevent/build-crossdan/CMakeFiles/CMakeTmp

Run Build Command:/usr/bin/make "cmTryCompileExec/fast"
/usr/bin/make -f CMakeFiles/cmTryCompileExec.dir/build.make CMakeFiles/cmTryCompileExec.dir/build
make[1]: Entering directory `/gs/naoqi/doc/examples/new/robot-swing/sdk/gyroevent/build-crossdan/CMakeFiles/CMakeTmp'
/usr/bin/cmake -E cmake_progress_report /gs/naoqi/doc/examples/new/robot-swing/sdk/gyroevent/build-crossdan/CMakeFiles/CMakeTmp/CMakeFiles 1
Building C object CMakeFiles/cmTryCompileExec.dir/CheckFunctionExists.c.o
/gs/cross/cross/bin/i686-aldebaran-linux-gnu-gcc   --sysroot /gs/cross//sysroot/ -pipe -fomit-frame-pointer -fno-align-jumps -fno-align-functions -fno-align-labels -fno-align-loops -m32 -mtune=generic -DOE_CROSS_BUILD  -DCHECK_FUNCTION_EXISTS=pthread_create   -o CMakeFiles/cmTryCompileExec.dir/CheckFunctionExists.c.o   -c /usr/share/cmake-2.8/Modules/CheckFunctionExists.c
Linking C executable cmTryCompileExec
/usr/bin/cmake -E cmake_link_script CMakeFiles/cmTryCompileExec.dir/link.txt --verbose=1
/gs/cross/cross/bin/i686-aldebaran-linux-gnu-gcc    --sysroot /gs/cross//sysroot/ -pipe -fomit-frame-pointer -fno-align-jumps -fno-align-functions -fno-align-labels -fno-align-loops -m32 -mtune=generic -DOE_CROSS_BUILD  -DCHECK_FUNCTION_EXISTS=pthread_create  -Wl,--sysroot,/gs/cross//sysroot/ CMakeFiles/cmTryCompileExec.dir/CheckFunctionExists.c.o  -o cmTryCompileExec -rdynamic -lpthreads 
/gs/cross/cross/bin/../lib/gcc/i686-aldebaran-linux-gnu/4.5.3/../../../../i686-aldebaran-linux-gnu/bin/ld: cannot find -lpthreads
collect2: ld returned 1 exit status
make[1]: Leaving directory `/gs/naoqi/doc/examples/new/robot-swing/sdk/gyroevent/build-crossdan/CMakeFiles/CMakeTmp'
make[1]: *** [cmTryCompileExec] Error 1
make: *** [cmTryCompileExec/fast] Error 2


Determining if the function pthread_create exists in the pthreads failed with the following output:
Change Dir: /gs/naoqi/doc/examples/new/robot-swing/sdk/gyroevent/build-crossdan/CMakeFiles/CMakeTmp

Run Build Command:/usr/bin/make "cmTryCompileExec/fast"
/usr/bin/make -f CMakeFiles/cmTryCompileExec.dir/build.make CMakeFiles/cmTryCompileExec.dir/build
make[1]: Entering directory `/gs/naoqi/doc/examples/new/robot-swing/sdk/gyroevent/build-crossdan/CMakeFiles/CMakeTmp'
/usr/bin/cmake -E cmake_progress_report /gs/naoqi/doc/examples/new/robot-swing/sdk/gyroevent/build-crossdan/CMakeFiles/CMakeTmp/CMakeFiles 1
Building C object CMakeFiles/cmTryCompileExec.dir/CheckFunctionExists.c.o
/gs/cross/cross/bin/i686-aldebaran-linux-gnu-gcc   --sysroot /gs/cross//sysroot/ -pipe -fomit-frame-pointer -fno-align-jumps -fno-align-functions -fno-align-labels -fno-align-loops -m32 -mtune=generic -DOE_CROSS_BUILD  -DCHECK_FUNCTION_EXISTS=pthread_create   -o CMakeFiles/cmTryCompileExec.dir/CheckFunctionExists.c.o   -c /usr/share/cmake-2.8/Modules/CheckFunctionExists.c
Linking C executable cmTryCompileExec
/usr/bin/cmake -E cmake_link_script CMakeFiles/cmTryCompileExec.dir/link.txt --verbose=1
/gs/cross/cross/bin/i686-aldebaran-linux-gnu-gcc    --sysroot /gs/cross//sysroot/ -pipe -fomit-frame-pointer -fno-align-jumps -fno-align-functions -fno-align-labels -fno-align-loops -m32 -mtune=generic -DOE_CROSS_BUILD  -DCHECK_FUNCTION_EXISTS=pthread_create  -Wl,--sysroot,/gs/cross//sysroot/ CMakeFiles/cmTryCompileExec.dir/CheckFunctionExists.c.o  -o cmTryCompileExec -rdynamic -lpthreads 
/gs/cross/cross/bin/../lib/gcc/i686-aldebaran-linux-gnu/4.5.3/../../../../i686-aldebaran-linux-gnu/bin/ld: cannot find -lpthreads
make[1]: Leaving directory `/gs/naoqi/doc/examples/new/robot-swing/sdk/gyroevent/build-crossdan/CMakeFiles/CMakeTmp'
collect2: ld returned 1 exit status
make[1]: *** [cmTryCompileExec] Error 1
make: *** [cmTryCompileExec/fast] Error 2


Determining if the function pthread_create exists in the pthreads failed with the following output:
Change Dir: /gs/naoqi/doc/examples/new/robot-swing/sdk/gyroevent/build-crossdan/CMakeFiles/CMakeTmp

Run Build Command:/usr/bin/make "cmTryCompileExec/fast"
/usr/bin/make -f CMakeFiles/cmTryCompileExec.dir/build.make CMakeFiles/cmTryCompileExec.dir/build
make[1]: Entering directory `/gs/naoqi/doc/examples/new/robot-swing/sdk/gyroevent/build-crossdan/CMakeFiles/CMakeTmp'
/usr/bin/cmake -E cmake_progress_report /gs/naoqi/doc/examples/new/robot-swing/sdk/gyroevent/build-crossdan/CMakeFiles/CMakeTmp/CMakeFiles 1
Building C object CMakeFiles/cmTryCompileExec.dir/CheckFunctionExists.c.o
/gs/cross/cross/bin/i686-aldebaran-linux-gnu-gcc   --sysroot /gs/cross//sysroot/ -pipe -fomit-frame-pointer -fno-align-jumps -fno-align-functions -fno-align-labels -fno-align-loops -m32 -mtune=generic -DOE_CROSS_BUILD  -DCHECK_FUNCTION_EXISTS=pthread_create   -o CMakeFiles/cmTryCompileExec.dir/CheckFunctionExists.c.o   -c /usr/share/cmake-2.8/Modules/CheckFunctionExists.c
Linking C executable cmTryCompileExec
/usr/bin/cmake -E cmake_link_script CMakeFiles/cmTryCompileExec.dir/link.txt --verbose=1
/gs/cross/cross/bin/i686-aldebaran-linux-gnu-gcc    --sysroot /gs/cross//sysroot/ -pipe -fomit-frame-pointer -fno-align-jumps -fno-align-functions -fno-align-labels -fno-align-loops -m32 -mtune=generic -DOE_CROSS_BUILD  -DCHECK_FUNCTION_EXISTS=pthread_create  -Wl,--sysroot,/gs/cross//sysroot/ CMakeFiles/cmTryCompileExec.dir/CheckFunctionExists.c.o  -o cmTryCompileExec -rdynamic -lpthreads 
/gs/cross/cross/bin/../lib/gcc/i686-aldebaran-linux-gnu/4.5.3/../../../../i686-aldebaran-linux-gnu/bin/ld: cannot find -lpthreads
make[1]: Leaving directory `/gs/naoqi/doc/examples/new/robot-swing/sdk/gyroevent/build-crossdan/CMakeFiles/CMakeTmp'
collect2: ld returned 1 exit status
make[1]: *** [cmTryCompileExec] Error 1
make: *** [cmTryCompileExec/fast] Error 2


Determining if the function pthread_create exists in the pthreads failed with the following output:
Change Dir: /gs/naoqi/doc/examples/new/robot-swing/sdk/gyroevent/build-crossdan/CMakeFiles/CMakeTmp

Run Build Command:/usr/bin/make "cmTryCompileExec/fast"
/usr/bin/make -f CMakeFiles/cmTryCompileExec.dir/build.make CMakeFiles/cmTryCompileExec.dir/build
make[1]: Entering directory `/gs/naoqi/doc/examples/new/robot-swing/sdk/gyroevent/build-crossdan/CMakeFiles/CMakeTmp'
/usr/bin/cmake -E cmake_progress_report /gs/naoqi/doc/examples/new/robot-swing/sdk/gyroevent/build-crossdan/CMakeFiles/CMakeTmp/CMakeFiles 1
Building C object CMakeFiles/cmTryCompileExec.dir/CheckFunctionExists.c.o
/gs/cross/cross/bin/i686-aldebaran-linux-gnu-gcc   --sysroot /gs/cross//sysroot/ -pipe -fomit-frame-pointer -fno-align-jumps -fno-align-functions -fno-align-labels -fno-align-loops -m32 -mtune=generic -DOE_CROSS_BUILD  -DCHECK_FUNCTION_EXISTS=pthread_create   -o CMakeFiles/cmTryCompileExec.dir/CheckFunctionExists.c.o   -c /usr/share/cmake-2.8/Modules/CheckFunctionExists.c
Linking C executable cmTryCompileExec
/usr/bin/cmake -E cmake_link_script CMakeFiles/cmTryCompileExec.dir/link.txt --verbose=1
/gs/cross/cross/bin/i686-aldebaran-linux-gnu-gcc    --sysroot /gs/cross//sysroot/ -pipe -fomit-frame-pointer -fno-align-jumps -fno-align-functions -fno-align-labels -fno-align-loops -m32 -mtune=generic -DOE_CROSS_BUILD  -DCHECK_FUNCTION_EXISTS=pthread_create  -Wl,--sysroot,/gs/cross//sysroot/ CMakeFiles/cmTryCompileExec.dir/CheckFunctionExists.c.o  -o cmTryCompileExec -rdynamic -lpthreads 
/gs/cross/cross/bin/../lib/gcc/i686-aldebaran-linux-gnu/4.5.3/../../../../i686-aldebaran-linux-gnu/bin/ld: cannot find -lpthreads
make[1]: Leaving directory `/gs/naoqi/doc/examples/new/robot-swing/sdk/gyroevent/build-crossdan/CMakeFiles/CMakeTmp'
collect2: ld returned 1 exit status
make[1]: *** [cmTryCompileExec] Error 1
make: *** [cmTryCompileExec/fast] Error 2


Determining if the function pthread_create exists in the pthreads failed with the following output:
Change Dir: /gs/naoqi/doc/examples/new/robot-swing/sdk/gyroevent/build-crossdan/CMakeFiles/CMakeTmp

Run Build Command:/usr/bin/make "cmTryCompileExec/fast"
/usr/bin/make -f CMakeFiles/cmTryCompileExec.dir/build.make CMakeFiles/cmTryCompileExec.dir/build
make[1]: Entering directory `/gs/naoqi/doc/examples/new/robot-swing/sdk/gyroevent/build-crossdan/CMakeFiles/CMakeTmp'
/usr/bin/cmake -E cmake_progress_report /gs/naoqi/doc/examples/new/robot-swing/sdk/gyroevent/build-crossdan/CMakeFiles/CMakeTmp/CMakeFiles 1
Building C object CMakeFiles/cmTryCompileExec.dir/CheckFunctionExists.c.o
/gs/cross/cross/bin/i686-aldebaran-linux-gnu-gcc   --sysroot /gs/cross//sysroot/ -pipe -fomit-frame-pointer -fno-align-jumps -fno-align-functions -fno-align-labels -fno-align-loops -m32 -mtune=generic -DOE_CROSS_BUILD  -DCHECK_FUNCTION_EXISTS=pthread_create   -o CMakeFiles/cmTryCompileExec.dir/CheckFunctionExists.c.o   -c /usr/share/cmake-2.8/Modules/CheckFunctionExists.c
Linking C executable cmTryCompileExec
/usr/bin/cmake -E cmake_link_script CMakeFiles/cmTryCompileExec.dir/link.txt --verbose=1
/gs/cross/cross/bin/i686-aldebaran-linux-gnu-gcc    --sysroot /gs/cross//sysroot/ -pipe -fomit-frame-pointer -fno-align-jumps -fno-align-functions -fno-align-labels -fno-align-loops -m32 -mtune=generic -DOE_CROSS_BUILD  -DCHECK_FUNCTION_EXISTS=pthread_create  -Wl,--sysroot,/gs/cross//sysroot/ CMakeFiles/cmTryCompileExec.dir/CheckFunctionExists.c.o  -o cmTryCompileExec -rdynamic -lpthreads 
/gs/cross/cross/bin/../lib/gcc/i686-aldebaran-linux-gnu/4.5.3/../../../../i686-aldebaran-linux-gnu/bin/ld: cannot find -lpthreads
make[1]: Leaving directory `/gs/naoqi/doc/examples/new/robot-swing/sdk/gyroevent/build-crossdan/CMakeFiles/CMakeTmp'
collect2: ld returned 1 exit status
make[1]: *** [cmTryCompileExec] Error 1
make: *** [cmTryCompileExec/fast] Error 2


Determining if the function pthread_create exists in the pthreads failed with the following output:
Change Dir: /gs/naoqi/doc/examples/new/robot-swing/sdk/gyroevent/build-crossdan/CMakeFiles/CMakeTmp

Run Build Command:/usr/bin/make "cmTryCompileExec/fast"
/usr/bin/make -f CMakeFiles/cmTryCompileExec.dir/build.make CMakeFiles/cmTryCompileExec.dir/build
make[1]: Entering directory `/gs/naoqi/doc/examples/new/robot-swing/sdk/gyroevent/build-crossdan/CMakeFiles/CMakeTmp'
/usr/bin/cmake -E cmake_progress_report /gs/naoqi/doc/examples/new/robot-swing/sdk/gyroevent/build-crossdan/CMakeFiles/CMakeTmp/CMakeFiles 1
Building C object CMakeFiles/cmTryCompileExec.dir/CheckFunctionExists.c.o
/gs/cross/cross/bin/i686-aldebaran-linux-gnu-gcc   --sysroot /gs/cross//sysroot/ -pipe -fomit-frame-pointer -fno-align-jumps -fno-align-functions -fno-align-labels -fno-align-loops -m32 -mtune=generic -DOE_CROSS_BUILD  -DCHECK_FUNCTION_EXISTS=pthread_create   -o CMakeFiles/cmTryCompileExec.dir/CheckFunctionExists.c.o   -c /usr/share/cmake-2.8/Modules/CheckFunctionExists.c
Linking C executable cmTryCompileExec
/usr/bin/cmake -E cmake_link_script CMakeFiles/cmTryCompileExec.dir/link.txt --verbose=1
/gs/cross/cross/bin/i686-aldebaran-linux-gnu-gcc    --sysroot /gs/cross//sysroot/ -pipe -fomit-frame-pointer -fno-align-jumps -fno-align-functions -fno-align-labels -fno-align-loops -m32 -mtune=generic -DOE_CROSS_BUILD  -DCHECK_FUNCTION_EXISTS=pthread_create  -Wl,--sysroot,/gs/cross//sysroot/ CMakeFiles/cmTryCompileExec.dir/CheckFunctionExists.c.o  -o cmTryCompileExec -rdynamic -lpthreads 
/gs/cross/cross/bin/../lib/gcc/i686-aldebaran-linux-gnu/4.5.3/../../../../i686-aldebaran-linux-gnu/bin/ld: cannot find -lpthreads
make[1]: Leaving directory `/gs/naoqi/doc/examples/new/robot-swing/sdk/gyroevent/build-crossdan/CMakeFiles/CMakeTmp'
collect2: ld returned 1 exit status
make[1]: *** [cmTryCompileExec] Error 1
make: *** [cmTryCompileExec/fast] Error 2


Determining if the function pthread_create exists in the pthreads failed with the following output:
Change Dir: /gs/naoqi/doc/examples/new/robot-swing/sdk/gyroevent/build-crossdan/CMakeFiles/CMakeTmp

Run Build Command:/usr/bin/make "cmTryCompileExec/fast"
/usr/bin/make -f CMakeFiles/cmTryCompileExec.dir/build.make CMakeFiles/cmTryCompileExec.dir/build
make[1]: Entering directory `/gs/naoqi/doc/examples/new/robot-swing/sdk/gyroevent/build-crossdan/CMakeFiles/CMakeTmp'
/usr/bin/cmake -E cmake_progress_report /gs/naoqi/doc/examples/new/robot-swing/sdk/gyroevent/build-crossdan/CMakeFiles/CMakeTmp/CMakeFiles 1
Building C object CMakeFiles/cmTryCompileExec.dir/CheckFunctionExists.c.o
/gs/cross/cross/bin/i686-aldebaran-linux-gnu-gcc   --sysroot /gs/cross//sysroot/ -pipe -fomit-frame-pointer -fno-align-jumps -fno-align-functions -fno-align-labels -fno-align-loops -m32 -mtune=generic -DOE_CROSS_BUILD  -DCHECK_FUNCTION_EXISTS=pthread_create   -o CMakeFiles/cmTryCompileExec.dir/CheckFunctionExists.c.o   -c /usr/share/cmake-2.8/Modules/CheckFunctionExists.c
Linking C executable cmTryCompileExec
/usr/bin/cmake -E cmake_link_script CMakeFiles/cmTryCompileExec.dir/link.txt --verbose=1
/gs/cross/cross/bin/i686-aldebaran-linux-gnu-gcc    --sysroot /gs/cross//sysroot/ -pipe -fomit-frame-pointer -fno-align-jumps -fno-align-functions -fno-align-labels -fno-align-loops -m32 -mtune=generic -DOE_CROSS_BUILD  -DCHECK_FUNCTION_EXISTS=pthread_create  -Wl,--sysroot,/gs/cross//sysroot/ CMakeFiles/cmTryCompileExec.dir/CheckFunctionExists.c.o  -o cmTryCompileExec -rdynamic -lpthreads 
/gs/cross/cross/bin/../lib/gcc/i686-aldebaran-linux-gnu/4.5.3/../../../../i686-aldebaran-linux-gnu/bin/ld: cannot find -lpthreads
make[1]: Leaving directory `/gs/naoqi/doc/examples/new/robot-swing/sdk/gyroevent/build-crossdan/CMakeFiles/CMakeTmp'
collect2: ld returned 1 exit status
make[1]: *** [cmTryCompileExec] Error 1
make: *** [cmTryCompileExec/fast] Error 2


